{"id":"6076ddf9305343214c6f90bc","action":"OPD Requested","userName":"Super","level":"info","message":"OPD Consultation Request to Kokilaben Dhirubhai Ambani Hospital for patient MMPL 10001351","timestamp":"2021-06-25 11:57:46"}
{"id":"6076ddf9305343214c6f90bc","action":"Edit","userName":"Dhruv Chhabra","level":"info","message":"Dhruv Chhabrasdasadsadsad Edited","timestamp":"2021-06-25 11:59:18"}
{"id":"6076ddf9305343214c6f90bc","action":"Edit","userName":"Dhruv Chhabra","level":"error","message":"Dhruv Chhabrasdasadsadsad Edited","timestamp":"2021-06-25 11:59:18"}
{"id":"6076ddf9305343214c6f90bc","action":"Edit","userName":"Dhruv Chhabra","level":"info","message":"asasdasdasd Edited","timestamp":"2021-06-25 12:00:55"}
{"id":"6076ddf9305343214c6f90bc","action":"Edit","userName":"Dhruv Chhabra","level":"error","message":"asasdasdasd error","timestamp":"2021-06-25 12:00:55"}
{"id":"6076ddf9305343214c6f90bc","action":"Edit","userName":"Dhruv Chhabra","level":"info","message":"Dhruv sadasdasdasdasd Edited","timestamp":"2021-06-25 12:01:42"}
{"id":"6076ddf9305343214c6f90bc","action":"Edit","userName":"Dhruv Chhabra","level":"error","message":"Dhruv sadasdasdasdasd error","timestamp":"2021-06-25 12:01:42"}
{"id":"6076ddf9305343214c6f90bc","action":"Edit","userName":"Dhruv Chhabra","level":"warn","message":"Dhruv sadasdasdasdasd warn","timestamp":"2021-06-25 12:01:42"}
{"id":"6076ddf9305343214c6f90bc","action":"Edit","userName":"Dhruv Chhabra","level":"info","message":"Dhruv asdasdasd Edited","timestamp":"2021-06-25 12:02:31"}
{"id":"6076ddf9305343214c6f90bc","action":"Edit","userName":"Dhruv Chhabra","level":"error","message":"Dhruv asdasdasd error","timestamp":"2021-06-25 12:02:31"}
{"id":"6076ddf9305343214c6f90bc","action":"Edit","userName":"Dhruv Chhabra","level":"warn","message":"Dhruv asdasdasd warn","timestamp":"2021-06-25 12:02:31"}
{"id":"6076ddf9305343214c6f90bc","action":"Edit","userName":"Dhruv Chhabra","level":"info","message":"Dhruv Chhabrasdasadsadsadadasd Edited","timestamp":"2021-06-25 12:02:49"}
{"id":"6076ddf9305343214c6f90bc","action":"Edit","userName":"Dhruv Chhabra","level":"error","message":"Dhruv Chhabrasdasadsadsadadasd error","timestamp":"2021-06-25 12:02:49"}
{"id":"6076ddf9305343214c6f90bc","action":"Edit","userName":"Dhruv Chhabra","level":"warn","message":"Dhruv Chhabrasdasadsadsadadasd warn","timestamp":"2021-06-25 12:02:49"}
{"id":"6076ddf9305343214c6f90bc","action":"Edit","userName":"Dhruv Chhabra","level":"info","message":"Dhruv Chhabrasdasadsadsadadasdsdasdasdasdasda Edited","timestamp":"2021-06-25 12:03:33"}
{"id":"6076ddf9305343214c6f90bc","action":"Edit","userName":"Dhruv Chhabra","level":"error","message":"Dhruv Chhabrasdasadsadsadadasdsdasdasdasdasda error","timestamp":"2021-06-25 12:03:33"}
{"id":"6076ddf9305343214c6f90bc","action":"Edit","userName":"Dhruv Chhabra","level":"warn","message":"Dhruv Chhabrasdasadsadsadadasdsdasdasdasdasda warn","timestamp":"2021-06-25 12:03:33"}
{"id":"6076ddf9305343214c6f90bc","action":"Edit","userName":"Dhruv Chhabra","level":"http","message":"Dhruv Chhabrasdasadsadsadadasdsdasdasdasdasda http","timestamp":"2021-06-25 12:03:33"}
{"id":"6076ddf9305343214c6f90bc","action":"Edit","userName":"Dhruv Chhabra","level":"error","message":"Dhruv Chhabraasdasdasdasd error","timestamp":"2021-06-25 12:04:15"}
{"id":"6076ddf9305343214c6f90bc","action":"User Login","userName":"Dhruv Chhabra","level":"info","message":"Logging in","timestamp":"2021-06-26 10:52:53"}
{"id":"6076ddf9305343214c6f90bc","action":"User Login","userName":"Dhruv Chhabra","level":"info","message":"Logging in","timestamp":"2021-06-26 11:09:41"}
{"id":"6076ddf9305343214c6f90bc","action":"User Login","userName":"Dhruv Chhabra","level":"info","message":"Logging in","timestamp":"2021-06-26 11:09:52"}
{"id":"6076ddf9305343214c6f90bc","action":"User Login","userName":"Dhruv Chhabra","level":"info","message":"Logging in","timestamp":"2021-06-26 11:10:15"}
{"id":"6076ddf9305343214c6f90bc","action":"User Login","userName":"Dhruv Chhabra","level":"info","message":"Logging in","timestamp":"2021-06-26 12:24:04"}
{"id":"6076ddf9305343214c6f90bc","action":"User Login","userName":"Dhruv Chhabra","level":"info","message":"Logging in","timestamp":"2021-06-26 14:16:49"}
{"id":"6076ddf9305343214c6f90bc","action":"User Login","userName":"Dhruv Chhabra","level":"info","message":"Logging in","timestamp":"2021-06-28 11:09:56"}
{"id":"60b89e739af9600758e49001","action":"User Login","userName":"asdasdasd","level":"info","message":"Logging in","timestamp":"2021-06-28 11:43:47"}
{"id":"6076ddf9305343214c6f90bc","action":"User Login","userName":"Dhruv Chhabra","level":"info","message":"Logging in","timestamp":"2021-06-28 13:39:48"}
{"id":"6076ddf9305343214c6f90bc","action":"User Login","userName":"Dhruv Chhabra","level":"info","message":"Logging in","timestamp":"2021-06-28 13:44:57"}
{"id":"6076ddf9305343214c6f90bc","action":"User Login","userName":"Dhruv Chhabra","level":"info","message":"Logging in","timestamp":"2021-06-28 14:56:20"}
{"id":"6076ddf9305343214c6f90bc","action":"User Login","userName":"Dhruv Chhabra","level":"info","message":"Logging in","timestamp":"2021-06-28 18:18:15"}
{"id":"6076ddf9305343214c6f90bc","action":"User Login","userName":"Dhruv Chhabra","level":"info","message":"Logging in","timestamp":"2021-06-28 18:45:30"}
{"id":"6076ddf9305343214c6f90bc","action":"User Login","userName":"Dhruv Chhabra","level":"info","message":"Logging in","timestamp":"2021-06-29 10:20:14"}
{"id":"60b89e739af9600758e49001","action":"User Login","userName":"asdasdasd","level":"info","message":"Logging in","timestamp":"2021-06-29 10:23:43"}
{"id":"6076ddf9305343214c6f90bc","action":"User Login","userName":"Dhruv Chhabra","level":"info","message":"Logging in","timestamp":"2021-06-29 10:27:34"}
{"id":"6076ddf9305343214c6f90bc","action":"User Login","userName":"Dhruv Chhabra","level":"info","message":"Logging in","timestamp":"2021-06-29 11:38:40"}
{"id":"6076ddf9305343214c6f90bc","action":"User Login","userName":"Dhruv Chhabra","level":"info","message":"Logging in","timestamp":"2021-06-29 11:50:54"}
{"id":"60b89e739af9600758e49001","action":"User Login","userName":"asdasdasd","level":"info","message":"Logging in","timestamp":"2021-06-29 11:51:04"}
{"id":"6076ddf9305343214c6f90bc","action":"User Login","userName":"Dhruv Chhabra","level":"info","message":"Logging in","timestamp":"2021-06-29 12:17:57"}
{"id":"60b89e739af9600758e49001","action":"User Login","userName":"asdasdasd","level":"info","message":"Logging in","timestamp":"2021-06-29 12:18:38"}
{"id":"60b89e739af9600758e49001","action":"User Login","userName":"asdasdasd","level":"info","message":"Logging in","timestamp":"2021-06-29 12:20:51"}
{"id":"60b89e739af9600758e49001","action":"User Login","userName":"asdasdasd","level":"info","message":"Logging in","timestamp":"2021-06-29 12:30:20"}
{"id":"60b89e739af9600758e49001","action":"User Login","userName":"asdasdasd","level":"info","message":"Logging in","timestamp":"2021-06-29 12:33:31"}
{"id":"60b89e739af9600758e49001","action":"User Login","userName":"asdasdasd","level":"info","message":"Logging in","timestamp":"2021-06-29 12:39:24"}
{"id":"6076ddf9305343214c6f90bc","action":"User Login","userName":"Dhruv Chhabra","level":"info","message":"Logging in","timestamp":"2021-06-29 13:12:53"}
{"id":"6076ddf9305343214c6f90bc","action":"User Login","userName":"Dhruv Chhabra","level":"info","message":"Logging in","timestamp":"2021-06-30 10:18:02"}
{"id":"60b89e739af9600758e49001","action":"User Login","userName":"asdasdasd","level":"info","message":"Logging in","timestamp":"2021-06-30 10:18:14"}
{"id":"6076ddf9305343214c6f90bc","action":"User Login","userName":"Dhruv Chhabra","level":"info","message":"Logging in","timestamp":"2021-06-30 10:44:14"}
{"id":"6076ddf9305343214c6f90bc","action":"User Login","userName":"Dhruv Chhabra","level":"info","message":"Logging in","timestamp":"2021-06-30 11:13:07"}
{"id":"60b068b0b981a33930cc6861","action":"User Login","userName":"Raj","level":"info","message":"Logging in","timestamp":"2021-06-30 11:13:41"}
{"id":"6076ddf9305343214c6f90bc","action":"User Login","userName":"Dhruv Chhabra","level":"info","message":"Logging in","timestamp":"2021-06-30 11:45:13"}
{"id":"6076ddf9305343214c6f90bc","action":"User Login","userName":"Dhruv Chhabra","level":"info","message":"Logging in","timestamp":"2021-06-30 16:27:13"}
{"id":"6076ddf9305343214c6f90bc","action":"User Login","userName":"Dhruv Chhabra","level":"info","message":"Logging in","timestamp":"2021-06-30 16:47:32"}
{"id":"6076ddf9305343214c6f90bc","action":"OPD confirmation ","userName":"Super","level":"info","message":"OPD confirmation received for MMPL 10001350","timestamp":"2021-06-30 18:01:52"}
{"id":"6076ddf9305343214c6f90bc","action":"User Login","userName":"Dhruv Chhabra","level":"info","message":"Logging in","timestamp":"2021-07-01 09:42:33"}
{"id":"6076ddf9305343214c6f90bc","action":"OPD Requested","userName":"Super","level":"info","message":"OPD Consultation Request to Fortis Hospital - Mulund for patient MMPL 10001352","timestamp":"2021-07-01 11:43:02"}
{"id":"6076ddf9305343214c6f90bc","action":"OPD confirmation ","userName":"Super","level":"info","message":"OPD confirmation received for MMPL 10001352","timestamp":"2021-07-01 11:43:13"}
{"id":"6076ddf9305343214c6f90bc","action":"User Login","userName":"Dhruv Chhabra","level":"info","message":"Logging in","timestamp":"2021-07-02 11:32:03"}
{"id":"60bef775fb2d1a203cd00815","action":"User Login","userName":"technical chhabra","level":"info","message":"Logging in","timestamp":"2021-07-02 12:06:00"}
{"id":"60bef775fb2d1a203cd00815","action":"User Login","userName":"technical chhabra","level":"info","message":"Logging in","timestamp":"2021-07-02 12:06:59"}
{"id":"6076ddf9305343214c6f90bc","action":"User Login","userName":"Dhruv Chhabra","level":"info","message":"Logging in","timestamp":"2021-07-03 10:40:40"}
{"id":"6076ddf9305343214c6f90bc","action":"User Login","userName":"Dhruv Chhabra","level":"info","message":"Logging in","timestamp":"2021-07-03 10:54:31"}
{"id":"6076ddf9305343214c6f90bc","action":"User Login","userName":"Dhruv Chhabra","level":"info","message":"Logging in","timestamp":"2021-07-05 11:43:22"}
{"id":"6076ddf9305343214c6f90bc","action":"User Login","userName":"Dhruv Chhabra","level":"info","message":"Logging in","timestamp":"2021-07-05 12:47:52"}
{"id":"6076ddf9305343214c6f90bc","action":"User Login","userName":"Dhruv Chhabra","level":"info","message":"Logging in","timestamp":"2021-07-07 11:30:07"}
{"id":"6076ddf9305343214c6f90bc","action":"User Login","userName":"Dhruv Chhabra","level":"info","message":"Logging in","timestamp":"2021-07-08 09:44:39"}
{"id":"6076ddf9305343214c6f90bc","action":"OPD Requested","userName":"Super","level":"info","message":"OPD Consultation Request to Kokilaben Dhirubhai Ambani Hospital for patient MMPL 10001360","timestamp":"2021-07-08 09:59:17"}
{"id":"6076ddf9305343214c6f90bc","action":"OPD confirmation ","userName":"Super","level":"info","message":"OPD confirmation received for MMPL 10001360","timestamp":"2021-07-08 10:01:37"}
{"id":"6076ddf9305343214c6f90bc","action":"OPD Requested","userName":"Super","level":"info","message":"OPD Consultation Request to Kokilaben Dhirubhai Ambani Hospital for patient MMPL 10001359","timestamp":"2021-07-08 10:02:46"}
{"id":"6076ddf9305343214c6f90bc","action":"OPD confirmation ","userName":"Super","level":"info","message":"OPD confirmation received for MMPL 10001359","timestamp":"2021-07-08 10:03:14"}
{"id":"6076ddf9305343214c6f90bc","action":"OPD Requested","userName":"Super","level":"info","message":"OPD Consultation Request to Kokilaben Dhirubhai Ambani Hospital for patient MMPL 10001354","timestamp":"2021-07-08 10:08:15"}
{"id":"60b068b0b981a33930cc6861","action":"User Login","userName":"Raj","level":"info","message":"Logging in","timestamp":"2021-07-08 11:03:13"}
{"id":"6076ddf9305343214c6f90bc","action":"User Login","userName":"Dhruv Chhabra","level":"info","message":"Logging in","timestamp":"2021-07-09 10:07:06"}
{"id":"6076ddf9305343214c6f90bc","action":"User Login","userName":"Dhruv Chhabra","level":"info","message":"Logging in","timestamp":"2021-07-10 11:40:52"}
{"id":"60b068b0b981a33930cc6861","action":"User Login","userName":"Raj","level":"info","message":"Logging in","timestamp":"2021-07-10 11:41:19"}
{"id":"6076ddf9305343214c6f90bc","action":"User Login","userName":"Dhruv Chhabra","level":"info","message":"Logging in","timestamp":"2021-07-12 12:04:22"}
{"id":"6076ddf9305343214c6f90bc","action":"User Login","userName":"Dhruv Chhabra","level":"info","message":"Logging in","timestamp":"2021-07-13 10:12:02"}
{"id":"6076ddf9305343214c6f90bc","action":"User Login","userName":"Dhruv Chhabra","level":"info","message":"Logging in","timestamp":"2021-07-13 11:02:18"}
{"id":"6076ddf9305343214c6f90bc","action":"User Login","userName":"Dhruv Chhabra","level":"info","message":"Logging in","timestamp":"2021-07-13 13:13:51"}
{"id":"6076ddf9305343214c6f90bc","action":"User Login","userName":"Dhruv Chhabra","level":"info","message":"Logging in","timestamp":"2021-07-14 10:25:21"}
{"id":"6076ddf9305343214c6f90bc","action":"User Login","userName":"Dhruv Chhabra","level":"info","message":"Logging in","timestamp":"2021-07-14 10:48:29"}
{"id":"6076ddf9305343214c6f90bc","action":"User Login","userName":"Dhruv Chhabra","level":"info","message":"Logging in","timestamp":"2021-07-14 13:05:36"}
{"id":"6076ddf9305343214c6f90bc","action":"User Login","userName":"Dhruv Chhabra","level":"info","message":"Logging in","timestamp":"2021-07-15 10:12:28"}
{"id":"6076ddf9305343214c6f90bc","action":"User Login","userName":"Dhruv Chhabra","level":"info","message":"Logging in","timestamp":"2021-07-15 10:26:00"}
{"id":"6076ddf9305343214c6f90bc","action":"User Login","userName":"Dhruv Chhabra","level":"info","message":"Logging in","timestamp":"2021-07-15 10:42:03"}
{"id":"6076ddf9305343214c6f90bc","action":"User Login","userName":"Dhruv Chhabra","level":"info","message":"Logging in","timestamp":"2021-07-15 11:18:54"}
{"id":"60bef775fb2d1a203cd00815","action":"User Login","userName":"technical chhabra","level":"info","message":"Logging in","timestamp":"2021-07-15 11:19:19"}
{"id":"6076ddf9305343214c6f90bc","action":"User Login","userName":"Dhruv Chhabra","level":"info","message":"Logging in","timestamp":"2021-07-15 11:31:47"}
{"id":"6076ddf9305343214c6f90bc","action":"User Login","userName":"Dhruv Chhabra","level":"info","message":"Logging in","timestamp":"2021-07-15 11:49:04"}
{"id":"60bef775fb2d1a203cd00815","action":"User Login","userName":"technical chhabra","level":"info","message":"Logging in","timestamp":"2021-07-15 11:54:34"}
{"id":"6076ddf9305343214c6f90bc","action":"User Login","userName":"Dhruv Chhabra","level":"info","message":"Logging in","timestamp":"2021-07-17 12:23:47"}
{"id":"6076ddf9305343214c6f90bc","action":"User Login","userName":"Dhruv Chhabra","level":"info","message":"Logging in","timestamp":"2021-07-20 12:18:14"}
{"id":"6076ddf9305343214c6f90bc","action":"User Login","userName":"Dhruv Chhabra","level":"info","message":"Logging in","timestamp":"2021-07-22 10:39:53"}
{"id":"6076ddf9305343214c6f90bc","action":"User Login","userName":"Dhruv Chhabra","level":"info","message":"Logging in","timestamp":"2021-07-22 10:40:17"}
{"id":"6076ddf9305343214c6f90bc","action":"User Login","userName":"Dhruv Chhabra","level":"info","message":"Logging in","timestamp":"2021-07-22 12:18:20"}
{"id":"6076ddf9305343214c6f90bc","action":"User Login","userName":"Dhruv Chhabra","level":"info","message":"Logging in","timestamp":"2021-07-23 10:20:59"}
{"id":"6076ddf9305343214c6f90bc","action":"User Login","userName":"Dhruv Chhabra","level":"info","message":"Logging in","timestamp":"2021-07-23 19:35:11"}
{"id":"6076ddf9305343214c6f90bc","action":"User Login","userName":"Dhruv Chhabra","level":"info","message":"Logging in","timestamp":"2021-07-23 19:35:27"}
{"id":"6076ddf9305343214c6f90bc","action":"My Hospital","userName":"Dhruv Chhabra","level":"info","message":"Dhruv Chhabra added","timestamp":"2021-07-23 19:35:36"}
{"id":"6076ddf9305343214c6f90bc","action":"User Login","userName":"Dhruv Chhabra","level":"info","message":"Logging in","timestamp":"2021-07-23 19:37:27"}
{"id":"6076ddf9305343214c6f90bc","action":"User Login","userName":"Dhruv Chhabra","level":"info","message":"Logging in","timestamp":"2021-07-23 19:37:56"}
{"id":"6076ddf9305343214c6f90bc","action":"User Login","userName":"Dhruv Chhabra","level":"info","message":"Logging in","timestamp":"2021-07-23 19:38:30"}
{"id":"6076ddf9305343214c6f90bc","action":"User Login","userName":"Dhruv Chhabra","level":"info","message":"Logging in","timestamp":"2021-07-23 19:38:42"}
{"id":"6076ddf9305343214c6f90bc","action":"User Login","userName":"Dhruv Chhabra","level":"info","message":"Logging in","timestamp":"2021-07-23 19:39:02"}
{"id":"6076ddf9305343214c6f90bc","action":"User Login","userName":"Dhruv Chhabra","level":"info","message":"Logging in","timestamp":"2021-07-23 19:39:11"}
{"id":"6076ddf9305343214c6f90bc","action":"User Login","userName":"Dhruv Chhabra","level":"info","message":"Logging in","timestamp":"2021-07-23 19:50:13"}
{"id":"6076ddf9305343214c6f90bc","action":"User Login","userName":"Dhruv Chhabra","level":"info","message":"Logging in","timestamp":"2021-07-23 19:51:09"}
{"id":"6076ddf9305343214c6f90bc","action":"User Login","userName":"Dhruv Chhabra","level":"info","message":"Logging in","timestamp":"2021-07-24 10:06:45"}
{"id":"60bef775fb2d1a203cd00815","action":"User Login","userName":"technical chhabra","level":"info","message":"Logging in","timestamp":"2021-07-24 10:07:05"}
{"id":"6076ddf9305343214c6f90bc","action":"User Login","userName":"Dhruv Chhabra","level":"info","message":"Logging in","timestamp":"2021-07-24 10:33:22"}
{"id":"6076ddf9305343214c6f90bc","action":"User Login","userName":"Dhruv Chhabra","level":"info","message":"Logging in","timestamp":"2021-07-24 14:25:16"}
{"id":"60bef775fb2d1a203cd00815","action":"User Login","userName":"technical chhabra","level":"info","message":"Logging in","timestamp":"2021-07-24 14:25:36"}
{"id":"6076ddf9305343214c6f90bc","action":"User Login","userName":"Dhruv Chhabra","level":"info","message":"Logging in","timestamp":"2021-07-24 20:05:56"}
{"id":"6076ddf9305343214c6f90bc","action":"User Login","userName":"Dhruv Chhabra","level":"info","message":"Logging in","timestamp":"2021-07-24 20:07:21"}
{"id":"6076ddf9305343214c6f90bc","action":"User Login","userName":"Dhruv Chhabra","level":"info","message":"Logging in","timestamp":"2021-07-25 10:48:31"}
{"id":"60bef775fb2d1a203cd00815","action":"User Login","userName":"technical chhabra","level":"info","message":"Logging in","timestamp":"2021-07-25 10:49:03"}
{"id":"6076ddf9305343214c6f90bc","action":"User Login","userName":"Dhruv Chhabra","level":"info","message":"Logging in","timestamp":"2021-07-25 11:33:32"}
{"id":"6076ddf9305343214c6f90bc","action":"User Login","userName":"Dhruv Chhabra","level":"info","message":"Logging in","timestamp":"2021-07-25 11:46:50"}
{"id":"6076ddf9305343214c6f90bc","action":"OPD Requested","userName":"Super","level":"info","message":"OPD Consultation Request to Fortis Hospital - Mulund for patient MMPL 10001380","timestamp":"2021-07-25 11:51:38"}
{"id":"6076ddf9305343214c6f90bc","action":"User Login","userName":"Dhruv Chhabra","level":"info","message":"Logging in","timestamp":"2021-07-27 11:41:20"}
{"id":"6076ddf9305343214c6f90bc","action":"User Login","userName":"Dhruv Chhabra","level":"info","message":"Logging in","timestamp":"2021-07-29 10:34:50"}
{"id":"6076ddf9305343214c6f90bc","action":"User Login","userName":"Dhruv Chhabra","level":"info","message":"Logging in","timestamp":"2021-07-29 17:33:08"}
{"id":"6076ddf9305343214c6f90bc","action":"User Login","userName":"Dhruv Chhabra","level":"info","message":"Logging in","timestamp":"2021-07-31 11:06:47"}
{"id":"6076ddf9305343214c6f90bc","action":"User Login","userName":"Dhruv Chhabra","level":"info","message":"Logging in","timestamp":"2021-07-31 11:51:24"}
{"id":"6076ddf9305343214c6f90bc","action":"User Login","userName":"Dhruv Chhabra","level":"info","message":"Logging in","timestamp":"2021-08-02 10:13:16"}
{"id":"6076ddf9305343214c6f90bc","action":"User Login","userName":"Dhruv Chhabra","level":"info","message":"Logging in","timestamp":"2021-08-03 10:16:52"}
{"id":"6076ddf9305343214c6f90bc","action":"User Login","userName":"Dhruv Chhabra","level":"info","message":"Logging in","timestamp":"2021-08-03 17:50:10"}
{"id":"6076ddf9305343214c6f90bc","action":"User Login","userName":"Dhruv Chhabra","level":"info","message":"Logging in","timestamp":"2021-08-03 18:00:23"}
{"id":"6076ddf9305343214c6f90bc","action":"User Login","userName":"Dhruv Chhabra","level":"info","message":"Logging in","timestamp":"2021-08-04 10:02:42"}
{"id":"6076ddf9305343214c6f90bc","action":"User Login","userName":"Dhruv Chhabra","level":"info","message":"Logging in","timestamp":"2021-08-05 10:41:18"}
{"id":"6076ddf9305343214c6f90bc","action":"User Login","userName":"Dhruv Chhabra","level":"info","message":"Logging in","timestamp":"2021-08-06 09:54:29"}
{"id":"6076ddf9305343214c6f90bc","action":"User Login","userName":"Dhruv Chhabra","level":"info","message":"Logging in","timestamp":"2021-08-06 10:06:29"}
{"id":"6076ddf9305343214c6f90bc","action":"User Login","userName":"Dhruv Chhabra","level":"info","message":"Logging in","timestamp":"2021-08-06 11:46:30"}
{"id":"6076ddf9305343214c6f90bc","action":"User Login","userName":"Dhruv Chhabra","level":"info","message":"Logging in","timestamp":"2021-08-06 12:56:58"}
{"id":"6076ddf9305343214c6f90bc","action":"User Login","userName":"Dhruv Chhabra","level":"info","message":"Logging in","timestamp":"2021-08-07 00:06:48"}
{"id":"6076ddf9305343214c6f90bc","action":"User Login","userName":"Dhruv Chhabra","level":"info","message":"Logging in","timestamp":"2021-08-07 12:31:41"}
{"id":"6076ddf9305343214c6f90bc","action":"User Login","userName":"Dhruv Chhabra","level":"info","message":"Logging in","timestamp":"2021-08-07 13:25:09"}
{"id":"6076ddf9305343214c6f90bc","action":"User Login","userName":"Dhruv Chhabra","level":"info","message":"Logging in","timestamp":"2021-08-07 13:51:04"}
{"id":"6076ddf9305343214c6f90bc","action":"User Login","userName":"Dhruv Chhabra","level":"info","message":"Logging in","timestamp":"2021-08-09 10:30:15"}
{"id":"6076ddf9305343214c6f90bc","action":"User Login","userName":"Dhruv Chhabra","level":"info","message":"Logging in","timestamp":"2021-08-09 17:28:42"}
{"id":"6076ddf9305343214c6f90bc","action":"User Login","userName":"Dhruv Chhabra","level":"info","message":"Logging in","timestamp":"2021-08-10 10:34:08"}
{"id":"6076ddf9305343214c6f90bc","action":"User Login","userName":"Dhruv Chhabra","level":"info","message":"Logging in","timestamp":"2021-08-10 17:41:21"}
{"id":"6076ddf9305343214c6f90bc","action":"User Login","userName":"Dhruv Chhabra","level":"info","message":"Logging in","timestamp":"2021-08-11 10:22:27"}
{"id":"6076ddf9305343214c6f90bc","action":"User Login","userName":"Dhruv Chhabra","level":"info","message":"Logging in","timestamp":"2021-08-11 17:09:26"}
{"id":"6076ddf9305343214c6f90bc","action":"User Login","userName":"Dhruv Chhabra","level":"info","message":"Logging in","timestamp":"2021-08-12 10:23:51"}
{"id":"6076ddf9305343214c6f90bc","action":"User Login","userName":"Dhruv Chhabra","level":"info","message":"Logging in","timestamp":"2021-08-12 11:17:00"}
{"id":"6076ddf9305343214c6f90bc","action":"User Login","userName":"Dhruv Chhabra","level":"info","message":"Logging in","timestamp":"2021-08-12 12:30:06"}
{"id":"6076ddf9305343214c6f90bc","action":"User Login","userName":"Dhruv Chhabra","level":"info","message":"Logging in","timestamp":"2021-08-12 13:16:58"}
{"id":"6076ddf9305343214c6f90bc","action":"User Login","userName":"Dhruv Chhabra","level":"info","message":"Logging in","timestamp":"2021-08-13 10:15:32"}
{"id":"6076ddf9305343214c6f90bc","action":"OPD Requested","userName":"Super","level":"info","message":"OPD Consultation Request to Fortis Hospital - Mulund for patient MMPL 10001409","timestamp":"2021-08-13 11:05:47"}
{"id":"6076ddf9305343214c6f90bc","action":"OPD Requested","userName":"Super","level":"info","message":"OPD Consultation Request to Fortis Escorts Heart Institute for patient MMPL 10001409","timestamp":"2021-08-13 11:06:07"}
{"id":"6076ddf9305343214c6f90bc","action":"OPD Requested","userName":"Super","level":"info","message":"OPD Consultation Request to Fortis Hospital, Anandapur Kolkata for patient MMPL 10001409","timestamp":"2021-08-13 12:07:03"}
{"id":"6076ddf9305343214c6f90bc","action":"User Login","userName":"Dhruv Chhabra","level":"info","message":"Logging in","timestamp":"2021-08-14 10:41:03"}
{"id":"6076ddf9305343214c6f90bc","action":"OPD Requested","userName":"Super","level":"info","message":"OPD Consultation Request to Fortis Hospital - Mulund for patient MMPL 10001410","timestamp":"2021-08-14 10:47:40"}
{"id":"6076ddf9305343214c6f90bc","action":"OPD Requested","userName":"Super","level":"info","message":"OPD Consultation Request to Fortis Escorts Heart Institute for patient MMPL 10001410","timestamp":"2021-08-14 10:47:53"}
{"id":"6076ddf9305343214c6f90bc","action":"OPD Requested","userName":"Super","level":"info","message":"OPD Consultation Request to Fortis Hospital - Mulund for patient MMPL 10001411","timestamp":"2021-08-14 10:50:42"}
{"id":"6076ddf9305343214c6f90bc","action":"OPD Requested","userName":"Super","level":"info","message":"OPD Consultation Request to Fortis Escorts Heart Institute for patient MMPL 10001411","timestamp":"2021-08-14 10:50:56"}
{"id":"6076ddf9305343214c6f90bc","action":"OPD Requested","userName":"Super","level":"info","message":"OPD Consultation Request to Fortis Hospital - Mulund for patient MMPL 10001412","timestamp":"2021-08-14 10:53:22"}
{"id":"6076ddf9305343214c6f90bc","action":"OPD Requested","userName":"Super","level":"info","message":"OPD Consultation Request to Fortis Escorts Heart Institute for patient MMPL 10001412","timestamp":"2021-08-14 10:53:33"}
{"id":"6076ddf9305343214c6f90bc","action":"OPD Requested","userName":"Super","level":"info","message":"OPD Consultation Request to Fortis Hospital, Anandapur Kolkata for patient MMPL 10001412","timestamp":"2021-08-14 10:53:43"}
{"id":"6076ddf9305343214c6f90bc","action":"OPD Requested","userName":"Super","level":"info","message":"OPD Consultation Request to Fortis Hospital - Mulund for patient MMPL 10001413","timestamp":"2021-08-14 11:07:02"}
{"id":"6076ddf9305343214c6f90bc","action":"OPD Requested","userName":"Super","level":"info","message":"OPD Consultation Request to Fortis Hospital - Mulund for patient MMPL 10001414","timestamp":"2021-08-14 11:13:34"}
{"id":"6076ddf9305343214c6f90bc","action":"OPD Requested","userName":"Super","level":"info","message":"OPD Consultation Request to Fortis Hospital - Mulund for patient MMPL 10001415","timestamp":"2021-08-14 11:24:38"}
{"id":"6076ddf9305343214c6f90bc","action":"OPD Requested","userName":"Super","level":"info","message":"OPD Consultation Request to Fortis Escorts Heart Institute for patient MMPL 10001415","timestamp":"2021-08-14 11:24:51"}
{"id":"6076ddf9305343214c6f90bc","action":"User Login","userName":"Dhruv Chhabra","level":"info","message":"Logging in","timestamp":"2021-08-15 10:36:51"}
{"id":"6076ddf9305343214c6f90bc","action":"OPD Requested","userName":"Super","level":"info","message":"OPD Consultation Request to Fortis Hospital - Mulund for patient MMPL 10001416","timestamp":"2021-08-15 10:37:37"}
{"id":"6076ddf9305343214c6f90bc","action":"OPD Requested","userName":"Super","level":"info","message":"OPD Consultation Request to Fortis Hospital - Mulund for patient MMPL 10001417","timestamp":"2021-08-15 10:43:34"}
{"id":"6076ddf9305343214c6f90bc","action":"User Login","userName":"Dhruv Chhabra","level":"info","message":"Logging in","timestamp":"2021-08-16 10:06:27"}
{"id":"6076ddf9305343214c6f90bc","action":"User Login","userName":"Dhruv Chhabra","level":"info","message":"Logging in","timestamp":"2021-08-16 10:52:07"}
{"id":"6076ddf9305343214c6f90bc","action":"OPD Requested","userName":"Super","level":"info","message":"OPD Consultation Request to Fortis Hospital - Mulund for patient MMPL 10001419","timestamp":"2021-08-16 11:28:34"}
{"id":"6076ddf9305343214c6f90bc","action":"OPD Requested","userName":"Super","level":"info","message":"OPD Consultation Request to Fortis Escorts Heart Institute for patient MMPL 10001419","timestamp":"2021-08-16 11:28:41"}
{"id":"6076ddf9305343214c6f90bc","action":"User Login","userName":"Dhruv Chhabra","level":"info","message":"Logging in","timestamp":"2021-08-17 10:31:37"}
{"id":"6076ddf9305343214c6f90bc","action":"User Login","userName":"Dhruv Chhabra","level":"info","message":"Logging in","timestamp":"2021-08-17 11:50:08"}
{"id":"6076ddf9305343214c6f90bc","action":"User Login","userName":"Dhruv Chhabra","level":"info","message":"Logging in","timestamp":"2021-08-18 10:17:44"}
{"id":"6076ddf9305343214c6f90bc","action":"User Login","userName":"Dhruv Chhabra","level":"info","message":"Logging in","timestamp":"2021-08-18 11:26:41"}
{"id":"6076ddf9305343214c6f90bc","action":"User Login","userName":"Dhruv Chhabra","level":"info","message":"Logging in","timestamp":"2021-08-18 13:04:32"}
{"id":"6076ddf9305343214c6f90bc","action":"User Login","userName":"Dhruv Chhabra","level":"info","message":"Logging in","timestamp":"2021-08-19 10:33:41"}
{"id":"6076ddf9305343214c6f90bc","action":"User Login","userName":"Dhruv Chhabra","level":"info","message":"Logging in","timestamp":"2021-08-20 10:27:47"}
{"id":"6076ddf9305343214c6f90bc","action":"User Login","userName":"Dhruv Chhabra","level":"info","message":"Logging in","timestamp":"2021-08-21 12:45:06"}
{"id":"6076ddf9305343214c6f90bc","action":"User Login","userName":"Dhruv Chhabra","level":"info","message":"Logging in","timestamp":"2021-08-23 09:34:06"}
{"id":"60bef775fb2d1a203cd00815","action":"User Login","userName":"technical chhabra","level":"info","message":"Logging in","timestamp":"2021-08-23 12:22:44"}
{"id":"6076ddf9305343214c6f90bc","action":"User Login","userName":"Dhruv Chhabra","level":"info","message":"Logging in","timestamp":"2021-08-23 17:38:09"}
{"id":"6076ddf9305343214c6f90bc","action":"User Login","userName":"Dhruv Chhabra","level":"info","message":"Logging in","timestamp":"2021-08-24 10:07:09"}
{"id":"612485cc2edc0327ac2a511d","action":"User Login","userName":"asd","level":"info","message":"Logging in","timestamp":"2021-08-24 11:08:46"}
{"id":"60bef775fb2d1a203cd00815","action":"User Login","userName":"technical chhabra","level":"info","message":"Logging in","timestamp":"2021-08-24 11:11:03"}
{"id":"6076ddf9305343214c6f90bc","action":"User Login","userName":"Dhruv Chhabra","level":"info","message":"Logging in","timestamp":"2021-08-25 11:20:06"}
{"id":"605b1541a5b15e239fbc4a4d","action":"User Login","userName":"Mihir Vora","level":"info","message":"Logging in","timestamp":"2021-08-25 11:59:07"}
{"id":"6076ddf9305343214c6f90bc","action":"User Login","userName":"Dhruv Chhabra","level":"info","message":"Logging in","timestamp":"2021-08-26 10:40:21"}
{"id":"6076ddf9305343214c6f90bc","action":"User Login","userName":"Dhruv Chhabra","level":"info","message":"Logging in","timestamp":"2021-08-26 15:23:42"}
{"id":"6076ddf9305343214c6f90bc","action":"OPD Requested","userName":"Super","level":"info","message":"OPD Consultation Request to Kokilaben Dhirubhai Ambani Hospital for patient MMPL 10001431","timestamp":"2021-08-26 16:06:56"}
{"id":"6076ddf9305343214c6f90bc","action":"User Login","userName":"Dhruv Chhabra","level":"info","message":"Logging in","timestamp":"2021-08-27 10:52:34"}
{"id":"6076ddf9305343214c6f90bc","action":"User Login","userName":"Dhruv Chhabra","level":"info","message":"Logging in","timestamp":"2021-08-28 10:37:58"}
{"id":"6076ddf9305343214c6f90bc","action":"User Login","userName":"Dhruv Chhabra","level":"info","message":"Logging in","timestamp":"2021-08-29 10:48:07"}
{"id":"6076ddf9305343214c6f90bc","action":"User Login","userName":"Dhruv Chhabra","level":"info","message":"Logging in","timestamp":"2021-08-30 11:38:13"}
{"id":"60bef775fb2d1a203cd00815","action":"User Login","userName":"technical chhabra","level":"info","message":"Logging in","timestamp":"2021-08-30 13:04:37"}
{"id":"6076ddf9305343214c6f90bc","action":"User Login","userName":"Dhruv Chhabra","level":"info","message":"Logging in","timestamp":"2021-08-30 19:23:42"}
{"id":"6076ddf9305343214c6f90bc","action":"User Login","userName":"Dhruv Chhabra","level":"info","message":"Logging in","timestamp":"2021-08-30 19:38:45"}
{"id":"6076ddf9305343214c6f90bc","action":"User Login","userName":"Dhruv Chhabra","level":"info","message":"Logging in","timestamp":"2021-08-30 19:56:22"}
{"id":"6076ddf9305343214c6f90bc","action":"User Login","userName":"Dhruv Chhabra","level":"info","message":"Logging in","timestamp":"2021-08-31 12:19:06"}
{"id":"6076ddf9305343214c6f90bc","action":"User Login","userName":"Dhruv Chhabra","level":"info","message":"Logging in","timestamp":"2021-08-31 19:25:12"}
{"id":"6076ddf9305343214c6f90bc","action":"User Login","userName":"Dhruv Chhabra","level":"info","message":"Logging in","timestamp":"2021-08-31 19:47:46"}
{"id":"6076ddf9305343214c6f90bc","action":"User Login","userName":"Dhruv Chhabra","level":"info","message":"Logging in","timestamp":"2021-09-01 09:43:01"}
{"id":"6076ddf9305343214c6f90bc","action":"User Login","userName":"Dhruv Chhabra","level":"info","message":"Logging in","timestamp":"2021-09-02 10:41:57"}
{"id":"6076ddf9305343214c6f90bc","action":"User Login","userName":"Dhruv Chhabra","level":"info","message":"Logging in","timestamp":"2021-09-02 17:14:14"}
{"id":"6076ddf9305343214c6f90bc","action":"OPD Requested","userName":"Super","level":"info","message":"OPD Consultation Request to Kokilaben Dhirubhai Ambani Hospital for patient MMPL 10001441","timestamp":"2021-09-02 17:24:07"}
{"id":"6076ddf9305343214c6f90bc","action":"OPD confirmation ","userName":"Super","level":"info","message":"OPD confirmation received for MMPL 10001441","timestamp":"2021-09-02 17:24:46"}
{"id":"6076ddf9305343214c6f90bc","action":"OPD Requested","userName":"Super","level":"info","message":"OPD Consultation Request to Kokilaben Dhirubhai Ambani Hospital for patient MMPL 10001442","timestamp":"2021-09-02 17:25:48"}
{"id":"6076ddf9305343214c6f90bc","action":"OPD confirmation ","userName":"Super","level":"info","message":"OPD confirmation received for MMPL 10001442","timestamp":"2021-09-02 17:26:03"}
{"id":"6076ddf9305343214c6f90bc","action":"OPD Requested","userName":"Super","level":"info","message":"OPD Consultation Request to Fortis Hospital - Mulund for patient MMPL 10001442","timestamp":"2021-09-02 17:53:53"}
{"id":"6076ddf9305343214c6f90bc","action":"OPD confirmation ","userName":"Super","level":"info","message":"OPD confirmation received for MMPL 10001442","timestamp":"2021-09-02 17:54:05"}
{"id":"6076ddf9305343214c6f90bc","action":"OPD Requested","userName":"Super","level":"info","message":"OPD Consultation Request to Kokilaben Dhirubhai Ambani Hospital for patient MMPL 10001443","timestamp":"2021-09-02 17:54:48"}
{"id":"6076ddf9305343214c6f90bc","action":"OPD confirmation ","userName":"Super","level":"info","message":"OPD confirmation received for MMPL 10001443","timestamp":"2021-09-02 17:54:59"}
{"id":"6076ddf9305343214c6f90bc","action":"User Login","userName":"Dhruv Chhabra","level":"info","message":"Logging in","timestamp":"2021-09-02 20:09:02"}
{"id":"6076ddf9305343214c6f90bc","action":"User Login","userName":"Dhruv Chhabra","level":"info","message":"Logging in","timestamp":"2021-09-02 20:27:38"}
{"id":"6076ddf9305343214c6f90bc","action":"User Login","userName":"Dhruv Chhabra","level":"info","message":"Logging in","timestamp":"2021-09-03 10:41:47"}
{"id":"6076ddf9305343214c6f90bc","action":"OPD Requested","userName":"Super","level":"info","message":"OPD Consultation Request to Fortis Hospital - Mulund for patient MMPL 10001444","timestamp":"2021-09-03 13:11:57"}
{"id":"6076ddf9305343214c6f90bc","action":"OPD Requested","userName":"Super","level":"info","message":"OPD Consultation Request to Fortis Escorts Heart Institute for patient MMPL 10001444","timestamp":"2021-09-03 13:12:53"}
{"id":"6076ddf9305343214c6f90bc","action":"OPD Requested","userName":"Super","level":"info","message":"OPD Consultation Request to Fortis Hospital - Mulund for patient MMPL 10001446","timestamp":"2021-09-03 13:19:24"}
{"id":"6076ddf9305343214c6f90bc","action":"User Login","userName":"Dhruv Chhabra","level":"info","message":"Logging in","timestamp":"2021-09-06 11:47:25"}
{"id":"6135b29c43467c3570ec955c","action":"User Login","userName":"dhruv","level":"info","message":"Logging in","timestamp":"2021-09-06 11:48:21"}
{"id":"6076ddf9305343214c6f90bc","action":"User Login","userName":"Dhruv Chhabra","level":"info","message":"Logging in","timestamp":"2021-09-06 13:01:37"}
{"id":"6076ddf9305343214c6f90bc","action":"User Login","userName":"Dhruv Chhabra","level":"info","message":"Logging in","timestamp":"2021-09-06 18:14:02"}
{"id":"6076ddf9305343214c6f90bc","action":"User Login","userName":"Dhruv Chhabra","level":"info","message":"Logging in","timestamp":"2021-09-07 17:20:51"}
{"id":"6076ddf9305343214c6f90bc","action":"User Login","userName":"Dhruv Chhabra","level":"info","message":"Logging in","timestamp":"2021-09-09 09:07:57"}
{"id":"6076ddf9305343214c6f90bc","action":"User Login","userName":"Dhruv Chhabra","level":"info","message":"Logging in","timestamp":"2021-09-09 11:50:04"}
{"id":"6076ddf9305343214c6f90bc","action":"User Login","userName":"Dhruv Chhabra","level":"info","message":"Logging in","timestamp":"2021-09-10 11:20:39"}
{"id":"6076ddf9305343214c6f90bc","action":"User Login","userName":"Dhruv Chhabra","level":"info","message":"Logging in","timestamp":"2021-09-12 10:54:53"}
{"id":"6076ddf9305343214c6f90bc","action":"User Login","userName":"Dhruv Chhabra","level":"info","message":"Logging in","timestamp":"2021-09-12 17:01:34"}
{"id":"6076ddf9305343214c6f90bc","action":"User Login","userName":"Dhruv Chhabra","level":"info","message":"Logging in","timestamp":"2021-09-13 10:30:03"}
{"id":"6076ddf9305343214c6f90bc","action":"User Login","userName":"Dhruv Chhabra","level":"info","message":"Logging in","timestamp":"2021-09-13 17:17:37"}
{"id":"6076ddf9305343214c6f90bc","action":"OPD Requested","userName":"Super","level":"info","message":"OPD Consultation Request to Kokilaben Dhirubhai Ambani Hospital for patient MMPL 10001449","timestamp":"2021-09-13 17:28:42"}
{"id":"6076ddf9305343214c6f90bc","action":"OPD Requested","userName":"Super","level":"info","message":"OPD Consultation Request to Kokilaben Dhirubhai Ambani Hospital for patient MMPL 10001450","timestamp":"2021-09-13 17:53:24"}
{"id":"6135b29c43467c3570ec955c","action":"User Login","userName":"dhruv","level":"info","message":"Logging in","timestamp":"2021-09-13 17:59:00"}
{"id":"6076ddf9305343214c6f90bc","action":"User Login","userName":"Dhruv Chhabra","level":"info","message":"Logging in","timestamp":"2021-09-14 10:42:55"}
{"id":"6135b29c43467c3570ec955c","action":"User Login","userName":"dhruv","level":"info","message":"Logging in","timestamp":"2021-09-14 11:38:37"}
{"id":"6076ddf9305343214c6f90bc","action":"User Login","userName":"Dhruv Chhabra","level":"info","message":"Logging in","timestamp":"2021-09-14 13:19:03"}
{"id":"6076ddf9305343214c6f90bc","action":"User Login","userName":"Dhruv Chhabra","level":"info","message":"Logging in","timestamp":"2021-09-14 13:26:32"}
{"id":"6076ddf9305343214c6f90bc","action":"User Login","userName":"Dhruv Chhabra","level":"info","message":"Logging in","timestamp":"2021-09-14 13:26:45"}
{"id":"6076ddf9305343214c6f90bc","action":"User Login","userName":"Dhruv Chhabra","level":"info","message":"Logging in","timestamp":"2021-09-15 10:46:53"}
{"id":"6076ddf9305343214c6f90bc","action":"User Login","userName":"Dhruv Chhabra","level":"info","message":"Logging in","timestamp":"2021-09-15 11:23:43"}
{"id":"6076ddf9305343214c6f90bc","action":"OPD Requested","userName":"Super","level":"info","message":"OPD Consultation Request to Kokilaben Dhirubhai Ambani Hospital for patient MMPL 10001464","timestamp":"2021-09-15 11:35:27"}
{"id":"6076ddf9305343214c6f90bc","action":"OPD Requested","userName":"Super","level":"info","message":"OPD Consultation Request to Kokilaben Dhirubhai Ambani Hospital for patient MMPL 10001465","timestamp":"2021-09-15 11:35:48"}
{"id":"60e68d903fba5725acc7b8f0","action":"User Login","userName":"Dhruv Chhabra","level":"info","message":"Logging in","timestamp":"2021-09-15 12:31:26"}
{"id":"60e68d903fba5725acc7b8f0","action":"User Login","userName":"Dhruv","level":"info","message":"Logging in","timestamp":"2021-09-15 12:36:00"}
{"id":"60e68d903fba5725acc7b8f0","action":"User Login","userName":"Dhruv","level":"info","message":"Logging in","timestamp":"2021-09-15 12:36:09"}
{"id":"6076ddf9305343214c6f90bc","action":"User Login","userName":"Dhruv Chhabra","level":"info","message":"Logging in","timestamp":"2021-09-15 17:47:41"}
{"id":"6076ddf9305343214c6f90bc","action":"User Login","userName":"Dhruv Chhabra","level":"info","message":"Logging in","timestamp":"2021-09-15 17:51:20"}
{"id":"6076ddf9305343214c6f90bc","action":"User Login","userName":"Dhruv Chhabra","level":"info","message":"Logging in","timestamp":"2021-09-15 18:14:06"}
{"id":"6076ddf9305343214c6f90bc","action":"User Login","userName":"Dhruv Chhabra","level":"info","message":"Logging in","timestamp":"2021-09-16 10:27:46"}
{"id":"6076ddf9305343214c6f90bc","action":"User Login","userName":"Dhruv Chhabra","level":"info","message":"Logging in","timestamp":"2021-09-17 09:57:41"}
{"id":"6076ddf9305343214c6f90bc","action":"User Login","userName":"Dhruv Chhabra","level":"info","message":"Logging in","timestamp":"2021-09-17 12:55:36"}
{"id":"6076ddf9305343214c6f90bc","action":"User Login","userName":"Dhruv Chhabra","level":"info","message":"Logging in","timestamp":"2021-09-21 09:53:01"}
{"id":"6076ddf9305343214c6f90bc","action":"User Login","userName":"Dhruv Chhabra","level":"info","message":"Logging in","timestamp":"2021-09-21 11:31:29"}
{"id":"6076ddf9305343214c6f90bc","action":"User Login","userName":"Dhruv Chhabra","level":"info","message":"Logging in","timestamp":"2021-09-22 10:09:21"}
{"id":"6076ddf9305343214c6f90bc","action":"User Login","userName":"Dhruv Chhabra","level":"info","message":"Logging in","timestamp":"2021-09-22 12:30:35"}
{"id":"6076ddf9305343214c6f90bc","action":"User Login","userName":"Dhruv Chhabra","level":"info","message":"Logging in","timestamp":"2021-09-22 18:19:24"}
{"id":"6076ddf9305343214c6f90bc","action":"User Login","userName":"Dhruv Chhabra","level":"info","message":"Logging in","timestamp":"2021-09-23 10:50:56"}
{"id":"6076ddf9305343214c6f90bc","action":"User Login","userName":"Dhruv Chhabra","level":"info","message":"Logging in","timestamp":"2021-09-23 11:18:39"}
{"id":"6076ddf9305343214c6f90bc","action":"User Login","userName":"Dhruv Chhabra","level":"info","message":"Logging in","timestamp":"2021-09-24 10:22:43"}
{"id":"6076ddf9305343214c6f90bc","action":"User Login","userName":"Dhruv Chhabra","level":"info","message":"Logging in","timestamp":"2021-09-24 12:28:31"}
{"id":"6076ddf9305343214c6f90bc","action":"User Login","userName":"Dhruv Chhabra","level":"info","message":"Logging in","timestamp":"2021-09-25 10:53:49"}
{"id":"6076ddf9305343214c6f90bc","action":"User Login","userName":"Dhruv Chhabra","level":"info","message":"Logging in","timestamp":"2021-09-25 11:02:37"}
{"id":"6076ddf9305343214c6f90bc","action":"User Login","userName":"Dhruv Chhabra","level":"info","message":"Logging in","timestamp":"2021-09-27 10:23:58"}
{"id":"6076ddf9305343214c6f90bc","action":"User Login","userName":"Dhruv Chhabra","level":"info","message":"Logging in","timestamp":"2021-09-29 10:13:45"}
{"id":"612485cc2edc0327ac2a511d","action":"User Login","userName":"asd","level":"info","message":"Logging in","timestamp":"2021-09-29 10:17:15"}
{"id":"6076ddf9305343214c6f90bc","action":"User Login","userName":"Dhruv Chhabra","level":"info","message":"Logging in","timestamp":"2021-09-29 11:20:08"}
{"id":"612485cc2edc0327ac2a511d","action":"User Login","userName":"asd","level":"info","message":"Logging in","timestamp":"2021-09-29 11:22:23"}
{"id":"6076ddf9305343214c6f90bc","action":"OPD Requested","userName":"Refferal Partner","level":"info","message":"OPD Consultation Request to Kokilaben Dhirubhai Ambani Hospital for patient MMPL 10001509","timestamp":"2021-09-29 11:49:34"}
{"id":"6076ddf9305343214c6f90bc","action":"OPD confirmation ","userName":"Refferal Partner","level":"info","message":"OPD confirmation received for MMPL 10001509","timestamp":"2021-09-29 11:51:42"}
{"id":"6076ddf9305343214c6f90bc","action":"OPD Requested","userName":"Super","level":"info","message":"OPD Consultation Request to Kokilaben Dhirubhai Ambani Hospital for patient MMPL 10001485","timestamp":"2021-09-29 11:59:28"}
{"id":"6076ddf9305343214c6f90bc","action":"OPD confirmation ","userName":"Super","level":"info","message":"OPD confirmation received for MMPL 10001485","timestamp":"2021-09-29 11:59:41"}
{"id":"6076ddf9305343214c6f90bc","action":"OPD Requested","userName":"Super","level":"info","message":"OPD Consultation Request to Kokilaben Dhirubhai Ambani Hospital for patient MMPL 10001484","timestamp":"2021-09-29 12:00:00"}
{"id":"6076ddf9305343214c6f90bc","action":"OPD confirmation ","userName":"Super","level":"info","message":"OPD confirmation received for MMPL 10001484","timestamp":"2021-09-29 12:00:14"}
{"id":"6076ddf9305343214c6f90bc","action":"User Login","userName":"Dhruv Chhabra","level":"info","message":"Logging in","timestamp":"2021-09-29 13:06:41"}
{"id":"6076ddf9305343214c6f90bc","action":"User Login","userName":"Dhruv Chhabra","level":"info","message":"Logging in","timestamp":"2021-09-29 13:09:34"}
{"id":"6076ddf9305343214c6f90bc","action":"User Login","userName":"Dhruv Chhabra","level":"info","message":"Logging in","timestamp":"2021-09-30 10:17:41"}
{"id":"6076ddf9305343214c6f90bc","action":"User Login","userName":"Dhruv Chhabra","level":"info","message":"Logging in","timestamp":"2021-09-30 10:37:59"}
{"id":"6076ddf9305343214c6f90bc","action":"OPD Requested","userName":"Refferal Partner","level":"info","message":"OPD Consultation Request to Fortis Hospital - Mulund for patient MMPL 10001511","timestamp":"2021-09-30 10:38:15"}
{"id":"6076ddf9305343214c6f90bc","action":"User Login","userName":"Dhruv Chhabra","level":"info","message":"Logging in","timestamp":"2021-09-30 11:00:24"}
{"id":"6076ddf9305343214c6f90bc","action":"User Login","userName":"Dhruv Chhabra","level":"info","message":"Logging in","timestamp":"2021-09-30 12:00:27"}
{"id":"6076ddf9305343214c6f90bc","action":"User Login","userName":"Dhruv Chhabra","level":"info","message":"Logging in","timestamp":"2021-10-01 10:34:30"}
{"id":"6076ddf9305343214c6f90bc","action":"User Login","userName":"Dhruv Chhabra","level":"info","message":"Logging in","timestamp":"2021-10-01 13:52:53"}
{"id":"6076ddf9305343214c6f90bc","action":"User Login","userName":"Dhruv Chhabra","level":"info","message":"Logging in","timestamp":"2021-10-01 14:53:43"}
{"id":"6076ddf9305343214c6f90bc","action":"User Login","userName":"Dhruv Chhabra","level":"info","message":"Logging in","timestamp":"2021-10-02 11:02:06"}
{"id":"6076ddf9305343214c6f90bc","action":"User Login","userName":"Dhruv Chhabra","level":"info","message":"Logging in","timestamp":"2021-10-02 11:45:55"}
{"id":"6076ddf9305343214c6f90bc","action":"User Login","userName":"Dhruv Chhabra","level":"info","message":"Logging in","timestamp":"2021-10-03 10:25:45"}
{"id":"60bef775fb2d1a203cd00815","action":"User Login","userName":"technical chhabra","level":"info","message":"Logging in","timestamp":"2021-10-03 10:32:45"}
{"id":"6076ddf9305343214c6f90bc","action":"User Login","userName":"Dhruv Chhabra","level":"info","message":"Logging in","timestamp":"2021-10-04 21:34:30"}
{"id":"6076ddf9305343214c6f90bc","action":"User Login","userName":"Dhruv Chhabra","level":"info","message":"Logging in","timestamp":"2021-10-04 21:37:52"}
{"id":"6076ddf9305343214c6f90bc","action":"User Login","userName":"Dhruv Chhabra","level":"info","message":"Logging in","timestamp":"2021-10-04 21:40:39"}
{"id":"60bef775fb2d1a203cd00815","action":"User Login","userName":"technical chhabra","level":"info","message":"Logging in","timestamp":"2021-10-04 22:11:33"}
{"id":"60bef775fb2d1a203cd00815","action":"User Login","userName":"technical chhabra","level":"info","message":"Logging in","timestamp":"2021-10-04 22:51:12"}
{"id":"6076ddf9305343214c6f90bc","action":"User Login","userName":"Dhruv Chhabra","level":"info","message":"Logging in","timestamp":"2021-10-06 08:43:41"}
{"id":"6076ddf9305343214c6f90bc","action":"User Login","userName":"Dhruv Chhabra","level":"info","message":"Logging in","timestamp":"2021-10-06 20:14:06"}
{"id":"6076ddf9305343214c6f90bc","action":"User Login","userName":"Dhruv Chhabra","level":"info","message":"Logging in","timestamp":"2021-10-09 11:51:55"}
{"id":"6076ddf9305343214c6f90bc","action":"User Login","userName":"Dhruv Chhabra","level":"info","message":"Logging in","timestamp":"2021-10-09 12:20:01"}
{"id":"6076ddf9305343214c6f90bc","action":"User Login","userName":"Dhruv Chhabra","level":"info","message":"Logging in","timestamp":"2021-10-09 12:56:54"}
{"id":"6076ddf9305343214c6f90bc","action":"User Login","userName":"Dhruv Chhabra","level":"info","message":"Logging in","timestamp":"2021-10-09 12:59:29"}
{"id":"6076ddf9305343214c6f90bc","action":"User Login","userName":"Dhruv Chhabra","level":"info","message":"Logging in","timestamp":"2021-10-09 13:42:34"}
{"id":"6076ddf9305343214c6f90bc","action":"User Login","userName":"Dhruv Chhabra","level":"info","message":"Logging in","timestamp":"2021-10-10 10:18:53"}
{"id":"60bef775fb2d1a203cd00815","action":"User Login","userName":"technical chhabra","level":"info","message":"Logging in","timestamp":"2021-10-10 10:21:28"}
{"id":"6076ddf9305343214c6f90bc","action":"OPD Requested","userName":"Super","level":"info","message":"OPD Consultation Request to Kokilaben Dhirubhai Ambani Hospital for patient MMPL 10001531","timestamp":"2021-10-10 11:01:35"}
{"id":"6076ddf9305343214c6f90bc","action":"OPD Requested","userName":"Super","level":"info","message":"OPD Consultation Request to Fortis Hospital - Mulund for patient MMPL 10001533","timestamp":"2021-10-10 12:56:15"}
{"id":"6076ddf9305343214c6f90bc","action":"OPD Requested","userName":"Super","level":"info","message":"OPD Consultation Request to Fortis Hospital, Noida for patient MMPL 10001533","timestamp":"2021-10-10 13:02:47"}
{"id":"6076ddf9305343214c6f90bc","action":"User Login","userName":"Dhruv Chhabra","level":"info","message":"Logging in","timestamp":"2021-10-10 16:01:48"}
{"id":"6076ddf9305343214c6f90bc","action":"OPD Requested","userName":"Super","level":"info","message":"OPD Consultation Request to Kokilaben Dhirubhai Ambani Hospital for patient MMPL 10001536","timestamp":"2021-10-10 16:15:23"}
{"id":"6076ddf9305343214c6f90bc","action":"OPD confirmation ","userName":"Super","level":"info","message":"OPD confirmation received for MMPL 10001536","timestamp":"2021-10-10 16:15:48"}
{"id":"6076ddf9305343214c6f90bc","action":"OPD Requested","userName":"Super","level":"info","message":"OPD Consultation Request to Fortis Hospital - Mulund for patient MMPL 10001536","timestamp":"2021-10-10 16:16:45"}
{"id":"6076ddf9305343214c6f90bc","action":"OPD confirmation ","userName":"Super","level":"info","message":"OPD confirmation received for MMPL 10001536","timestamp":"2021-10-10 16:17:16"}
{"id":"6076ddf9305343214c6f90bc","action":"OPD Requested","userName":"Super","level":"info","message":"OPD Consultation Request to Fortis Hospital, Noida for patient MMPL 10001536","timestamp":"2021-10-10 16:18:34"}
{"id":"6076ddf9305343214c6f90bc","action":"OPD confirmation ","userName":"Super","level":"info","message":"OPD confirmation received for MMPL 10001536","timestamp":"2021-10-10 16:19:17"}
{"id":"6076ddf9305343214c6f90bc","action":"OPD Requested","userName":"Super","level":"info","message":"OPD Consultation Request to Kokilaben Dhirubhai Ambani Hospital for patient MMPL 10001535","timestamp":"2021-10-10 16:20:02"}
{"id":"6076ddf9305343214c6f90bc","action":"OPD confirmation ","userName":"Super","level":"info","message":"OPD confirmation received for MMPL 10001535","timestamp":"2021-10-10 16:20:37"}
{"id":"6076ddf9305343214c6f90bc","action":"User Login","userName":"Dhruv Chhabra","level":"info","message":"Logging in","timestamp":"2021-10-15 10:21:20"}
{"id":"6076ddf9305343214c6f90bc","action":"User Login","userName":"Dhruv Chhabra","level":"info","message":"Logging in","timestamp":"2021-10-15 10:31:32"}
{"id":"61690f9322635d3d7442f68d","action":"User Login","userName":"asdasd","level":"info","message":"Logging in","timestamp":"2021-10-15 10:50:28"}
{"id":"61690f9322635d3d7442f68d","action":"User Login","userName":"asdasd","level":"info","message":"Logging in","timestamp":"2021-10-15 10:50:30"}
{"id":"61690f9322635d3d7442f68d","action":"User Login","userName":"asdasd","level":"info","message":"Logging in","timestamp":"2021-10-15 11:09:32"}
{"id":"6076ddf9305343214c6f90bc","action":"User Login","userName":"Dhruv Chhabra","level":"info","message":"Logging in","timestamp":"2021-10-15 11:10:57"}
{"id":"61690f9322635d3d7442f68d","action":"User Login","userName":"asdasd","level":"info","message":"Logging in","timestamp":"2021-10-15 11:11:26"}
{"id":"61690f9322635d3d7442f68d","action":"User Login","userName":"asdasd","level":"info","message":"Logging in","timestamp":"2021-10-15 11:11:28"}
{"id":"61690f9322635d3d7442f68d","action":"User Login","userName":"asdasd","level":"info","message":"Logging in","timestamp":"2021-10-15 11:11:30"}
{"id":"61690f9322635d3d7442f68d","action":"User Login","userName":"asdasd","level":"info","message":"Logging in","timestamp":"2021-10-15 11:11:31"}
{"id":"61690f9322635d3d7442f68d","action":"User Login","userName":"asdasd","level":"info","message":"Logging in","timestamp":"2021-10-15 11:11:31"}
{"id":"61690f9322635d3d7442f68d","action":"User Login","userName":"asdasd","level":"info","message":"Logging in","timestamp":"2021-10-15 11:22:47"}
{"id":"61690f9322635d3d7442f68d","action":"User Login","userName":"asdasd","level":"info","message":"Logging in","timestamp":"2021-10-15 11:23:46"}
{"id":"61690f9322635d3d7442f68d","action":"User Login","userName":"asdasd","level":"info","message":"Logging in","timestamp":"2021-10-15 11:24:00"}
{"id":"61690f9322635d3d7442f68d","action":"User Login","userName":"asdasd","level":"info","message":"Logging in","timestamp":"2021-10-15 11:25:23"}
{"id":"6076ddf9305343214c6f90bc","action":"User Login","userName":"Dhruv Chhabra","level":"info","message":"Logging in","timestamp":"2021-10-15 11:27:56"}
{"id":"61690f9322635d3d7442f68d","action":"User Login","userName":"asdasd","level":"info","message":"Logging in","timestamp":"2021-10-15 11:28:16"}
{"id":"6076ddf9305343214c6f90bc","action":"User Login","userName":"Dhruv Chhabra","level":"info","message":"Logging in","timestamp":"2021-10-15 11:31:15"}
{"id":"61690f9322635d3d7442f68d","action":"User Login","userName":"asdasd","level":"info","message":"Logging in","timestamp":"2021-10-15 11:31:37"}
{"id":"61690f9322635d3d7442f68d","action":"User Login","userName":"asdasd","level":"info","message":"Logging in","timestamp":"2021-10-15 11:37:02"}
{"id":"61690f9322635d3d7442f68d","action":"User Login","userName":"asdasd","level":"info","message":"Logging in","timestamp":"2021-10-15 12:25:43"}
{"id":"61690f9322635d3d7442f68d","action":"User Login","userName":"asdasd","level":"info","message":"Logging in","timestamp":"2021-10-15 12:53:06"}
{"id":"61690f9322635d3d7442f68d","action":"User Login","userName":"asdasd","level":"info","message":"Logging in","timestamp":"2021-10-15 12:54:40"}
{"id":"6076ddf9305343214c6f90bc","action":"User Login","userName":"Dhruv Chhabra","level":"info","message":"Logging in","timestamp":"2021-10-16 11:23:57"}
{"id":"61690f9322635d3d7442f68d","action":"User Login","userName":"asdasd","level":"info","message":"Logging in","timestamp":"2021-10-16 11:24:33"}
{"id":"61690f9322635d3d7442f68d","action":"User Login","userName":"asdasd","level":"info","message":"Logging in","timestamp":"2021-10-16 11:35:17"}
{"id":"6076ddf9305343214c6f90bc","action":"User Login","userName":"Dhruv Chhabra","level":"info","message":"Logging in","timestamp":"2021-10-16 12:14:29"}
{"id":"6076ddf9305343214c6f90bc","action":"User Login","userName":"Dhruv Chhabra","level":"info","message":"Logging in","timestamp":"2021-10-16 13:22:10"}
{"id":"6076ddf9305343214c6f90bc","action":"User Login","userName":"Dhruv Chhabra","level":"info","message":"Logging in","timestamp":"2021-10-16 14:46:08"}
{"id":"6076ddf9305343214c6f90bc","action":"User Login","userName":"Dhruv Chhabra","level":"info","message":"Logging in","timestamp":"2021-10-17 12:07:30"}
{"id":"61690f9322635d3d7442f68d","action":"User Login","userName":"asdasd","level":"info","message":"Logging in","timestamp":"2021-10-17 12:07:55"}
{"id":"61690f9322635d3d7442f68d","action":"User Login","userName":"asdasd","level":"info","message":"Logging in","timestamp":"2021-10-17 12:31:55"}
{"id":"6076ddf9305343214c6f90bc","action":"User Login","userName":"Dhruv Chhabra","level":"info","message":"Logging in","timestamp":"2021-10-17 12:33:53"}
{"id":"60bef775fb2d1a203cd00815","action":"User Login","userName":"technical chhabra","level":"info","message":"Logging in","timestamp":"2021-10-17 12:43:13"}
{"id":"60bef775fb2d1a203cd00815","action":"User Login","userName":"technical chhabra","level":"info","message":"Logging in","timestamp":"2021-10-17 13:01:49"}
{"id":"6076ddf9305343214c6f90bc","action":"OPD Requested","userName":"Super","level":"info","message":"OPD Consultation Request to Fortis Hospital, Noida for patient MMPL 10001541","timestamp":"2021-10-17 13:05:14"}
{"id":"6076ddf9305343214c6f90bc","action":"User Login","userName":"Dhruv Chhabra","level":"info","message":"Logging in","timestamp":"2021-10-23 10:56:47"}
{"id":"6076ddf9305343214c6f90bc","action":"User Login","userName":"Dhruv Chhabra","level":"info","message":"Logging in","timestamp":"2021-10-23 12:04:22"}
{"id":"6076ddf9305343214c6f90bc","action":"User Login","userName":"Dhruv Chhabra","level":"info","message":"Logging in","timestamp":"2021-10-23 12:26:17"}
{"id":"61690f9322635d3d7442f68d","action":"User Login","userName":"asdasd","level":"info","message":"Logging in","timestamp":"2021-10-23 12:47:08"}
{"id":"60bef775fb2d1a203cd00815","action":"User Login","userName":"technical chhabra","level":"info","message":"Logging in","timestamp":"2021-10-23 13:16:48"}
{"id":"60bef775fb2d1a203cd00815","action":"User Login","userName":"technical chhabra","level":"info","message":"Logging in","timestamp":"2021-10-23 13:43:31"}
{"id":"6076ddf9305343214c6f90bc","action":"User Login","userName":"Dhruv Chhabra","level":"info","message":"Logging in","timestamp":"2021-10-23 17:32:16"}
{"id":"61690f9322635d3d7442f68d","action":"User Login","userName":"asdasd","level":"info","message":"Logging in","timestamp":"2021-10-23 17:32:42"}
{"id":"6076ddf9305343214c6f90bc","action":"User Login","userName":"Dhruv Chhabra","level":"info","message":"Logging in","timestamp":"2021-10-24 10:38:54"}
{"id":"60bef775fb2d1a203cd00815","action":"User Login","userName":"technical chhabra","level":"info","message":"Logging in","timestamp":"2021-10-24 10:41:17"}
{"id":"6076ddf9305343214c6f90bc","action":"OPD Requested","userName":"Super","level":"info","message":"OPD Consultation Request to Kokilaben Dhirubhai Ambani Hospital for patient MMPL 10001543","timestamp":"2021-10-24 11:23:19"}
{"id":"61690f9322635d3d7442f68d","action":"User Login","userName":"asdasd","level":"info","message":"Logging in","timestamp":"2021-10-24 11:56:13"}
{"id":"605b1541a5b15e239fbc4a4d","action":"User Login","userName":"Mihir Vora","level":"info","message":"Logging in","timestamp":"2021-10-24 14:39:02"}
{"id":"616c2963c29742b8f0a82df1","action":"User Login","userName":"Mihir Vora","level":"info","message":"Logging in","timestamp":"2021-10-24 14:39:54"}
{"id":"616c2963c29742b8f0a82df1","action":"User Login","userName":"Mihir Vora","level":"info","message":"Logging in","timestamp":"2021-10-24 16:37:05"}
{"id":"616c4294c29742b8f0a82df5","action":"User Login","userName":"dhruv","level":"info","message":"Logging in","timestamp":"2021-10-31 10:32:37"}
{"id":"616c4294c29742b8f0a82df5","action":"User Login","userName":"dhruv","level":"info","message":"Logging in","timestamp":"2021-10-31 10:32:52"}
{"id":"616c4294c29742b8f0a82df5","action":"User Login","userName":"dhruv","level":"info","message":"Logging in","timestamp":"2021-10-31 10:33:09"}
{"id":"6076ddf9305343214c6f90bc","action":"User Login","userName":"Dhruv Chhabra","level":"info","message":"Logging in","timestamp":"2021-10-31 10:34:55"}
{"id":"6076ddf9305343214c6f90bc","action":"User Login","userName":"Dhruv Chhabra","level":"info","message":"Logging in","timestamp":"2021-11-05 11:07:16"}
{"id":"6076ddf9305343214c6f90bc","action":"User Login","userName":"Dhruv Chhabra","level":"info","message":"Logging in","timestamp":"2021-11-05 11:26:16"}
{"id":"61690f9322635d3d7442f68d","action":"User Login","userName":"asdasd","level":"info","message":"Logging in","timestamp":"2021-11-05 12:50:18"}
{"id":"6076ddf9305343214c6f90bc","action":"User Login","userName":"Dhruv Chhabra","level":"info","message":"Logging in","timestamp":"2021-11-06 10:48:25"}
{"id":"618612f0a17ce7212c76e38a","action":"User Login","userName":"check","level":"info","message":"Logging in","timestamp":"2021-11-06 11:00:41"}
{"id":"6186141054c0162eb0a44f0f","action":"User Login","userName":"dhruvsssssssssssss","level":"info","message":"Logging in","timestamp":"2021-11-06 11:22:02"}
{"id":"6186141054c0162eb0a44f0f","action":"User Login","userName":"dhruvsssssssssssss","level":"info","message":"Logging in","timestamp":"2021-11-06 11:22:20"}
{"id":"6076ddf9305343214c6f90bc","action":"User Login","userName":"Dhruv Chhabra","level":"info","message":"Logging in","timestamp":"2021-11-07 11:35:30"}
{"id":"6076ddf9305343214c6f90bc","action":"User Login","userName":"Dhruv Chhabra","level":"info","message":"Logging in","timestamp":"2021-11-07 12:24:17"}
{"id":"618778b60a25131d041d1e07","action":"User Login","userName":"asdddd","level":"info","message":"Logging in","timestamp":"2021-11-07 12:27:07"}
{"id":"6076ddf9305343214c6f90bc","action":"User Login","userName":"Dhruv Chhabra","level":"info","message":"Logging in","timestamp":"2021-11-07 12:58:30"}
{"id":"618778b60a25131d041d1e07","action":"User Login","userName":"asdddd","level":"info","message":"Logging in","timestamp":"2021-11-07 12:58:57"}
{"id":"618778b60a25131d041d1e07","action":"My Hospital","userName":"asdddd","level":"info","message":"dhruv added","timestamp":"2021-11-07 13:37:50"}
{"id":"6076ddf9305343214c6f90bc","action":"User Login","userName":"Dhruv Chhabra","level":"info","message":"Logging in","timestamp":"2021-11-13 10:51:15"}
{"id":"618778b60a25131d041d1e07","action":"User Login","userName":"asdddd","level":"info","message":"Logging in","timestamp":"2021-11-13 11:16:18"}
{"id":"618f558e43977b2a8c72584a","action":"User Login","userName":"Dhruv Chhabra","level":"info","message":"Logging in","timestamp":"2021-11-13 12:58:49"}
{"id":"6076ddf9305343214c6f90bc","action":"User Login","userName":"Dhruv Chhabra","level":"info","message":"Logging in","timestamp":"2021-11-17 23:17:39"}
{"id":"6076ddf9305343214c6f90bc","action":"User Login","userName":"Dhruv Chhabra","level":"info","message":"Logging in","timestamp":"2021-11-20 10:52:44"}
{"id":"6076ddf9305343214c6f90bc","action":"User Login","userName":"Dhruv Chhabra","level":"info","message":"Logging in","timestamp":"2021-11-24 20:54:11"}
{"id":"6076ddf9305343214c6f90bc","action":"User Login","userName":"Dhruv Chhabra","level":"info","message":"Logging in","timestamp":"2021-11-26 13:40:23"}
{"id":"6076ddf9305343214c6f90bc","action":"User Login","userName":"Dhruv Chhabra","level":"info","message":"Logging in","timestamp":"2021-11-26 20:14:59"}
{"id":"6076ddf9305343214c6f90bc","action":"User Login","userName":"Dhruv Chhabra","level":"info","message":"Logging in","timestamp":"2021-12-04 11:46:49"}
{"id":"6076ddf9305343214c6f90bc","action":"User Login","userName":"Dhruv Chhabra","level":"info","message":"Logging in","timestamp":"2021-12-04 11:57:10"}
{"id":"6076ddf9305343214c6f90bc","action":"User Login","userName":"Dhruv Chhabra","level":"info","message":"Logging in","timestamp":"2021-12-04 12:23:27"}
{"id":"6076ddf9305343214c6f90bc","action":"User Login","userName":"Dhruv Chhabra","level":"info","message":"Logging in","timestamp":"2021-12-12 11:36:04"}
{"id":"6076ddf9305343214c6f90bc","action":"User Login","userName":"Dhruv Chhabra","level":"info","message":"Logging in","timestamp":"2021-12-12 12:42:21"}
{"id":"6076ddf9305343214c6f90bc","action":"User Login","userName":"Dhruv Chhabra","level":"info","message":"Logging in","timestamp":"2021-12-12 12:56:18"}
{"id":"6076ddf9305343214c6f90bc","action":"User Login","userName":"Dhruv Chhabra","level":"info","message":"Logging in","timestamp":"2021-12-12 13:44:17"}
{"id":"6076ddf9305343214c6f90bc","action":"User Login","userName":"Dhruv Chhabra","level":"info","message":"Logging in","timestamp":"2021-12-12 13:47:18"}
{"id":"6076ddf9305343214c6f90bc","action":"User Login","userName":"Dhruv Chhabra","level":"info","message":"Logging in","timestamp":"2021-12-12 13:50:21"}
{"id":"6076ddf9305343214c6f90bc","action":"User Login","userName":"Dhruv Chhabra","level":"info","message":"Logging in","timestamp":"2021-12-12 13:51:20"}
{"id":"6076ddf9305343214c6f90bc","action":"User Login","userName":"Dhruv Chhabra","level":"info","message":"Logging in","timestamp":"2021-12-18 10:08:40"}
{"id":"6076ddf9305343214c6f90bc","action":"User Login","userName":"Dhruv Chhabra","level":"info","message":"Logging in","timestamp":"2021-12-18 10:08:58"}
{"id":"6076ddf9305343214c6f90bc","action":"User Login","userName":"Dhruv Chhabra","level":"info","message":"Logging in","timestamp":"2021-12-18 10:32:27"}
{"id":"6076ddf9305343214c6f90bc","action":"User Login","userName":"Dhruv Chhabra","level":"info","message":"Logging in","timestamp":"2021-12-18 10:35:26"}
{"id":"6076ddf9305343214c6f90bc","action":"User Login","userName":"Dhruv Chhabra","level":"info","message":"Logging in","timestamp":"2021-12-18 10:35:57"}
{"id":"6076ddf9305343214c6f90bc","action":"User Login","userName":"Dhruv Chhabra","level":"info","message":"Logging in","timestamp":"2021-12-18 15:30:00"}
{"id":"6076ddf9305343214c6f90bc","action":"User Login","userName":"Dhruv Chhabra","level":"info","message":"Logging in","timestamp":"2021-12-18 15:30:27"}
{"id":"6076ddf9305343214c6f90bc","action":"User Login","userName":"Dhruv Chhabra","level":"info","message":"Logging in","timestamp":"2021-12-18 15:31:31"}
{"id":"6076ddf9305343214c6f90bc","action":"User Login","userName":"Dhruv Chhabra","level":"info","message":"Logging in","timestamp":"2021-12-18 15:31:32"}
{"id":"6076ddf9305343214c6f90bc","action":"User Login","userName":"Dhruv Chhabra","level":"info","message":"Logging in","timestamp":"2021-12-18 15:31:33"}
{"id":"6076ddf9305343214c6f90bc","action":"User Login","userName":"Dhruv Chhabra","level":"info","message":"Logging in","timestamp":"2021-12-18 15:31:34"}
{"id":"6076ddf9305343214c6f90bc","action":"User Login","userName":"Dhruv Chhabra","level":"info","message":"Logging in","timestamp":"2021-12-18 15:31:44"}
{"id":"6076ddf9305343214c6f90bc","action":"User Login","userName":"Dhruv Chhabra","level":"info","message":"Logging in","timestamp":"2021-12-18 15:31:46"}
{"id":"6076ddf9305343214c6f90bc","action":"User Login","userName":"Dhruv Chhabra","level":"info","message":"Logging in","timestamp":"2021-12-18 15:31:48"}
{"id":"6076ddf9305343214c6f90bc","action":"User Login","userName":"Dhruv Chhabra","level":"info","message":"Logging in","timestamp":"2021-12-18 15:31:56"}
{"id":"6076ddf9305343214c6f90bc","action":"User Login","userName":"Dhruv Chhabra","level":"info","message":"Logging in","timestamp":"2021-12-18 15:32:11"}
{"id":"6076ddf9305343214c6f90bc","action":"User Login","userName":"Dhruv Chhabra","level":"info","message":"Logging in","timestamp":"2021-12-18 15:32:26"}
{"id":"6076ddf9305343214c6f90bc","action":"User Login","userName":"Dhruv Chhabra","level":"info","message":"Logging in","timestamp":"2021-12-18 15:32:31"}
{"id":"6076ddf9305343214c6f90bc","action":"User Login","userName":"Dhruv Chhabra","level":"info","message":"Logging in","timestamp":"2021-12-18 15:34:50"}
{"id":"6076ddf9305343214c6f90bc","action":"User Login","userName":"Dhruv Chhabra","level":"info","message":"Logging in","timestamp":"2021-12-18 15:38:01"}
{"id":"605b1541a5b15e239fbc4a4d","action":"User Login","userName":"Mihir Vora","level":"info","message":"Logging in","timestamp":"2021-12-18 15:39:08"}
{"id":"605b1541a5b15e239fbc4a4d","action":"User Login","userName":"Mihir Vora","level":"info","message":"Logging in","timestamp":"2021-12-18 15:39:45"}
{"id":"605b1541a5b15e239fbc4a4d","action":"User Login","userName":"Mihir Vora","level":"info","message":"Logging in","timestamp":"2021-12-18 15:40:08"}
{"id":"6076ddf9305343214c6f90bc","action":"User Login","userName":"Dhruv Chhabra","level":"info","message":"Logging in","timestamp":"2021-12-18 15:41:07"}
{"id":"6076ddf9305343214c6f90bc","action":"User Login","userName":"Dhruv Chhabra","level":"info","message":"Logging in","timestamp":"2021-12-18 15:42:01"}
{"id":"6076ddf9305343214c6f90bc","action":"User Login","userName":"Dhruv Chhabra","level":"info","message":"Logging in","timestamp":"2021-12-18 15:42:29"}
{"id":"6076ddf9305343214c6f90bc","action":"User Login","userName":"Dhruv Chhabra","level":"info","message":"Logging in","timestamp":"2021-12-18 15:48:19"}
{"id":"6076ddf9305343214c6f90bc","action":"User Login","userName":"Dhruv Chhabra","level":"info","message":"Logging in","timestamp":"2021-12-18 15:50:57"}
{"id":"6076ddf9305343214c6f90bc","action":"User Login","userName":"Dhruv Chhabra","level":"info","message":"Logging in","timestamp":"2021-12-19 10:23:10"}
{"id":"6076ddf9305343214c6f90bc","action":"User Login","userName":"Dhruv Chhabra","level":"info","message":"Logging in","timestamp":"2021-12-22 22:03:34"}
{"id":"605b1541a5b15e239fbc4a4d","action":"User Login","userName":"Mihir Vora","level":"info","message":"Logging in","timestamp":"2021-12-23 19:50:01"}
{"id":"6076ddf9305343214c6f90bc","action":"User Login","userName":"Dhruv Chhabra","level":"info","message":"Logging in","timestamp":"2022-01-01 10:20:36"}
{"id":"6076ddf9305343214c6f90bc","action":"User Login","userName":"Dhruv Chhabra","level":"info","message":"Logging in","timestamp":"2022-01-01 18:28:12"}
{"id":"605b1541a5b15e239fbc4a4d","action":"User Login","userName":"Mihir Vora","level":"info","message":"Logging in","timestamp":"2022-01-01 18:48:05"}
{"id":"605b1541a5b15e239fbc4a4d","action":"User Login","userName":"Mihir Vora","level":"info","message":"Logging in","timestamp":"2022-01-01 18:48:34"}
{"id":"605b1541a5b15e239fbc4a4d","action":"User Login","userName":"Mihir Vora","level":"info","message":"Logging in","timestamp":"2022-01-01 19:21:45"}
{"id":"6076ddf9305343214c6f90bc","action":"User Login","userName":"Dhruv Chhabra","level":"info","message":"Logging in","timestamp":"2022-01-02 10:18:34"}
{"id":"6076ddf9305343214c6f90bc","action":"User Login","userName":"Dhruv Chhabra","level":"info","message":"Logging in","timestamp":"2022-01-02 11:50:15"}
{"id":"6076ddf9305343214c6f90bc","action":"User Login","userName":"Dhruv Chhabra","level":"info","message":"Logging in","timestamp":"2022-01-09 11:04:54"}
{"id":"6076ddf9305343214c6f90bc","action":"User Login","userName":"Dhruv Chhabra","level":"info","message":"Logging in","timestamp":"2022-01-09 12:17:08"}
{"id":"6076ddf9305343214c6f90bc","action":"User Login","userName":"Dhruv Chhabra","level":"info","message":"Logging in","timestamp":"2022-01-11 17:17:43"}
{"id":"6076ddf9305343214c6f90bc","action":"User Login","userName":"Dhruv Chhabra","level":"info","message":"Logging in","timestamp":"2022-01-12 19:08:54"}
{"id":"6076ddf9305343214c6f90bc","action":"User Login","userName":"Dhruv Chhabra","level":"info","message":"Logging in","timestamp":"2022-01-12 21:17:36"}
{"id":"6076ddf9305343214c6f90bc","action":"User Login","userName":"Dhruv Chhabra","level":"info","message":"Logging in","timestamp":"2022-01-13 19:21:16"}
{"id":"605b1541a5b15e239fbc4a4d","action":"User Login","userName":"Mihir Vora","level":"info","message":"Logging in","timestamp":"2022-01-15 11:47:04"}
{"id":"6076ddf9305343214c6f90bc","action":"User Login","userName":"Dhruv Chhabra","level":"info","message":"Logging in","timestamp":"2022-01-15 12:40:32"}
{"id":"6076ddf9305343214c6f90bc","action":"User Login","userName":"Dhruv Chhabra","level":"info","message":"Logging in","timestamp":"2022-01-15 18:30:39"}
{"id":"6076ddf9305343214c6f90bc","action":"User Login","userName":"Dhruv Chhabra","level":"info","message":"Logging in","timestamp":"2022-01-22 14:13:27"}
{"id":"6076ddf9305343214c6f90bc","action":"User Login","userName":"Dhruv Chhabra","level":"info","message":"Logging in","timestamp":"2022-01-22 17:05:36"}
{"id":"6076ddf9305343214c6f90bc","action":"User Login","userName":"Dhruv Chhabra","level":"info","message":"Logging in","timestamp":"2022-01-29 10:17:28"}
{"id":"6076ddf9305343214c6f90bc","action":"User Login","userName":"Dhruv Chhabra","level":"info","message":"Logging in","timestamp":"2022-01-30 11:27:44"}
{"id":"6076ddf9305343214c6f90bc","action":"User Login","userName":"Dhruv Chhabra","level":"info","message":"Logging in","timestamp":"2022-02-05 12:20:14"}
{"id":"6076ddf9305343214c6f90bc","action":"User Login","userName":"Dhruv Chhabra","level":"info","message":"Logging in","timestamp":"2022-02-05 13:00:27"}
{"id":"6076ddf9305343214c6f90bc","action":"OPD Requested","userName":"Super","level":"info","message":"OPD Consultation Request to Narayana SRCC Childrens Hospital for patient MMPL 10001564","timestamp":"2022-02-06 12:05:18"}
{"id":"6076ddf9305343214c6f90bc","action":"OPD Requested","userName":"Super","level":"info","message":"OPD Consultation Request to Kokilaben Dhirubhai Ambani Hospital for patient MMPL 10001564","timestamp":"2022-02-06 12:05:18"}
{"id":"6076ddf9305343214c6f90bc","action":"OPD Requested","userName":"Super","level":"info","message":"OPD Consultation Request to Narayana SRCC Childrens Hospital for patient MMPL 10001564","timestamp":"2022-02-06 12:08:00"}
{"id":"6076ddf9305343214c6f90bc","action":"OPD Requested","userName":"Super","level":"info","message":"OPD Consultation Request to Kokilaben Dhirubhai Ambani Hospital for patient MMPL 10001564","timestamp":"2022-02-06 12:08:00"}
{"id":"6076ddf9305343214c6f90bc","action":"OPD confirmation ","userName":"Super","level":"info","message":"OPD confirmation received for MMPL 10001564","timestamp":"2022-02-06 13:31:18"}
{"id":"6076ddf9305343214c6f90bc","action":"OPD confirmation ","userName":"Super","level":"info","message":"OPD confirmation received for MMPL 10001564","timestamp":"2022-02-06 16:19:01"}
{"id":"6076ddf9305343214c6f90bc","action":"OPD confirmation ","userName":"Super","level":"info","message":"OPD confirmation received for MMPL 10001564","timestamp":"2022-02-06 16:26:43"}
{"id":"6076ddf9305343214c6f90bc","action":"OPD confirmation ","userName":"Super","level":"info","message":"OPD confirmation received for MMPL 10001564","timestamp":"2022-02-06 16:38:07"}
{"id":"6076ddf9305343214c6f90bc","action":"OPD Requested","userName":"Super","level":"info","message":"OPD Consultation Request to Narayana SRCC Childrens Hospital for patient MMPL 10001563","timestamp":"2022-02-06 16:41:06"}
{"id":"6076ddf9305343214c6f90bc","action":"OPD Requested","userName":"Super","level":"info","message":"OPD Consultation Request to Kokilaben Dhirubhai Ambani Hospital for patient MMPL 10001563","timestamp":"2022-02-06 16:41:06"}
{"id":"6076ddf9305343214c6f90bc","action":"OPD confirmation ","userName":"Super","level":"info","message":"OPD confirmation received for MMPL 10001563","timestamp":"2022-02-06 16:41:18"}
{"id":"6076ddf9305343214c6f90bc","action":"User Login","userName":"Dhruv Chhabra","level":"info","message":"Logging in","timestamp":"2022-02-13 11:19:20"}
{"id":"6076ddf9305343214c6f90bc","action":"User Login","userName":"Dhruv Chhabra","level":"info","message":"Logging in","timestamp":"2022-02-13 12:04:31"}
{"id":"6076ddf9305343214c6f90bc","action":"OPD Requested","userName":"Super","level":"info","message":"OPD Consultation Request to Kokilaben Dhirubhai Ambani Hospital for patient MMPL 10001562","timestamp":"2022-02-27 13:33:42"}
{"id":"6076ddf9305343214c6f90bc","action":"User Login","userName":"Dhruv Chhabra","level":"info","message":"Logging in","timestamp":"2022-02-27 15:58:21"}
{"id":"6076ddf9305343214c6f90bc","action":"User Login","userName":"Dhruv Chhabra","level":"info","message":"Logging in","timestamp":"2022-02-27 15:59:26"}
{"id":"6076ddf9305343214c6f90bc","action":"User Login","userName":"Dhruv Chhabra","level":"info","message":"Logging in","timestamp":"2022-02-27 15:59:39"}
{"id":"6076ddf9305343214c6f90bc","action":"User Login","userName":"Dhruv Chhabra","level":"info","message":"Logging in","timestamp":"2022-02-28 21:33:26"}
{"id":"6076ddf9305343214c6f90bc","action":"User Login","userName":"Dhruv Chhabra","level":"info","message":"Logging in","timestamp":"2022-02-28 21:34:40"}
{"id":"6076ddf9305343214c6f90bc","action":"User Login","userName":"Dhruv Chhabra","level":"info","message":"Logging in","timestamp":"2022-03-06 10:37:35"}
{"id":"6076ddf9305343214c6f90bc","action":"User Login","userName":"Dhruv Chhabra","level":"info","message":"Logging in","timestamp":"2022-03-12 10:32:22"}
{"id":"62260ce56bad3f4dd8eb3faf","action":"User Login","userName":"Padula Guruge","level":"info","message":"Logging in","timestamp":"2022-03-12 10:54:07"}
{"id":"62260ce56bad3f4dd8eb3faf","action":"User Login","userName":"Padula Guruge","level":"info","message":"Logging in","timestamp":"2022-03-12 10:55:02"}
{"id":"62260ce56bad3f4dd8eb3faf","action":"User Login","userName":"Padula Guruge","level":"info","message":"Logging in","timestamp":"2022-03-12 10:56:01"}
{"id":"622c2f2d077b480769331e9c","action":"User Login","userName":"new user","level":"info","message":"Logging in","timestamp":"2022-03-12 10:57:41"}
{"id":"6076ddf9305343214c6f90bc","action":"User Login","userName":"Dhruv Chhabra","level":"info","message":"Logging in","timestamp":"2022-03-13 15:54:29"}
{"id":"6076ddf9305343214c6f90bc","action":"User Login","userName":"Dhruv Chhabra","level":"info","message":"Logging in","timestamp":"2022-03-20 11:09:12"}
{"id":"6076ddf9305343214c6f90bc","action":"User Login","userName":"Dhruv Chhabra","level":"info","message":"Logging in","timestamp":"2022-03-26 11:11:28"}
{"id":"6076ddf9305343214c6f90bc","action":"User Login","userName":"Dhruv Chhabra","level":"info","message":"Logging in","timestamp":"2022-04-02 11:06:16"}
{"id":"6076ddf9305343214c6f90bc","action":"OPD Requested","userName":"Super","level":"info","message":"OPD Consultation Request to nanavati hospital for patient MMPL 10001570","timestamp":"2022-04-02 12:14:50"}
{"id":"6076ddf9305343214c6f90bc","action":"OPD Requested","userName":"Super","level":"info","message":"OPD Consultation Request to Max Saket Hospital for patient MMPL 10001570","timestamp":"2022-04-02 12:15:23"}
{"id":"622c2f2d077b480769331e9c","action":"OPD Requested","userName":"Admin","level":"info","message":"OPD Consultation Request to nanavati hospital for patient 323 10001002","timestamp":"2022-04-02 12:16:49"}
{"id":"6076ddf9305343214c6f90bc","action":"User Login","userName":"Dhruv Chhabra","level":"info","message":"Logging in","timestamp":"2022-04-24 11:10:39"}
{"id":"6135b29c43467c3570ec955c","action":"User Login","userName":"dhruv","level":"info","message":"Logging in","timestamp":"2022-04-24 11:11:51"}
{"id":"6076ddf9305343214c6f90bc","action":"User Login","userName":"Dhruv Chhabra","level":"info","message":"Logging in","timestamp":"2022-04-28 21:15:42"}
{"id":"605b1541a5b15e239fbc4a4d","action":"User Login","userName":"Mihir Vora","level":"info","message":"Logging in","timestamp":"2022-05-02 10:46:30"}
{"id":"6076ddf9305343214c6f90bc","action":"User Login","userName":"Dhruv Chhabra","level":"info","message":"Logging in","timestamp":"2022-05-07 11:34:56"}
{"id":"6076ddf9305343214c6f90bc","action":"User Login","userName":"Dhruv Chhabra","level":"info","message":"Logging in","timestamp":"2022-05-07 11:42:03"}
{"id":"6076ddf9305343214c6f90bc","action":"User Login","userName":"Dhruv Chhabra","level":"info","message":"Logging in","timestamp":"2022-05-07 11:44:25"}
{"id":"6076ddf9305343214c6f90bc","action":"User Login","userName":"Dhruv Chhabra","level":"info","message":"Logging in","timestamp":"2022-05-28 11:17:52"}
{"id":"6076ddf9305343214c6f90bc","action":"User Login","userName":"Dhruv Chhabra","level":"info","message":"Logging in","timestamp":"2022-05-29 09:45:05"}
{"id":"6076ddf9305343214c6f90bc","action":"User Login","userName":"Dhruv Chhabra","level":"info","message":"Logging in","timestamp":"2022-06-04 10:59:15"}
{"id":"605b1541a5b15e239fbc4a4d","action":"User Login","userName":"Mihir Vora","level":"info","message":"Logging in","timestamp":"2022-06-04 12:20:14"}
{"id":"605b1541a5b15e239fbc4a4d","action":"User Login","userName":"Mihir Vora","level":"info","message":"Logging in","timestamp":"2022-06-05 10:39:37"}
{"id":"6076ddf9305343214c6f90bc","action":"User Login","userName":"Dhruv Chhabra","level":"info","message":"Logging in","timestamp":"2022-06-11 10:15:45"}
{"id":"605b1541a5b15e239fbc4a4d","action":"User Login","userName":"Mihir Vora","level":"info","message":"Logging in","timestamp":"2022-06-11 10:17:47"}
{"id":"605b1541a5b15e239fbc4a4d","action":"User Login","userName":"Mihir Vora","level":"info","message":"Logging in","timestamp":"2022-06-12 12:51:14"}
{"id":"605b1541a5b15e239fbc4a4d","action":"User Login","userName":"Mihir Vora","level":"info","message":"Logging in","timestamp":"2022-06-19 10:53:50"}
{"id":"6076ddf9305343214c6f90bc","action":"User Login","userName":"Dhruv Chhabra","level":"info","message":"Logging in","timestamp":"2022-06-26 19:26:37"}
{"id":"6076ddf9305343214c6f90bc","action":"User Login","userName":"Dhruv Chhabra","level":"info","message":"Logging in","timestamp":"2022-06-29 18:12:44"}
{"id":"605b1541a5b15e239fbc4a4d","action":"User Login","userName":"Mihir Vora","level":"info","message":"Logging in","timestamp":"2022-07-09 10:08:26"}
{"id":"6076ddf9305343214c6f90bc","action":"User Login","userName":"Dhruv Chhabra","level":"info","message":"Logging in","timestamp":"2022-07-09 12:45:47"}
{"id":"6076ddf9305343214c6f90bc","action":"User Login","userName":"Dhruv Chhabra","level":"info","message":"Logging in","timestamp":"2022-07-17 10:35:10"}
{"id":"6076ddf9305343214c6f90bc","action":"User Login","userName":"Dhruv Chhabra","level":"info","message":"Logging in","timestamp":"2022-07-23 11:02:58"}
{"id":"605b1541a5b15e239fbc4a4d","action":"User Login","userName":"Mihir Vora","level":"info","message":"Logging in","timestamp":"2022-07-24 11:23:22"}
{"id":"6076ddf9305343214c6f90bc","action":"User Login","userName":"Dhruv Chhabra","level":"info","message":"Logging in","timestamp":"2022-07-30 11:16:44"}
{"id":"6135b29c43467c3570ec955c","action":"User Login","userName":"dhruv","level":"info","message":"Logging in","timestamp":"2022-07-30 11:18:07"}
{"id":"605b1541a5b15e239fbc4a4d","action":"User Login","userName":"Mihir Vora","level":"info","message":"Logging in","timestamp":"2022-07-31 11:53:53"}
{"id":"6076ddf9305343214c6f90bc","action":"User Login","userName":"Dhruv Chhabra","level":"info","message":"Logging in","timestamp":"2022-08-02 13:59:24"}
{"id":"605b1541a5b15e239fbc4a4d","action":"User Login","userName":"Mihir Vora","level":"info","message":"Logging in","timestamp":"2022-08-02 14:02:55"}
{"id":"6076ddf9305343214c6f90bc","action":"User Login","userName":"Dhruv Chhabra","level":"info","message":"Logging in","timestamp":"2022-08-02 14:31:45"}
{"id":"605b1541a5b15e239fbc4a4d","action":"User Login","userName":"Mihir Vora","level":"info","message":"Logging in","timestamp":"2022-08-02 16:10:06"}
{"id":"6076ddf9305343214c6f90bc","action":"User Login","userName":"Dhruv Chhabra","level":"info","message":"Logging in","timestamp":"2022-08-07 10:57:15"}
{"id":"6076ddf9305343214c6f90bc","action":"User Login","userName":"Dhruv Chhabra","level":"info","message":"Logging in","timestamp":"2022-08-07 11:19:28"}
{"id":"62f0f47e95fbac031255412d","action":"User Login","userName":"Health Orioles","level":"info","message":"Logging in","timestamp":"2022-08-09 23:06:15"}
{"id":"6076ddf9305343214c6f90bc","action":"User Login","userName":"Dhruv Chhabra","level":"info","message":"Logging in","timestamp":"2022-08-13 11:18:46"}
{"id":"605b1541a5b15e239fbc4a4d","action":"User Login","userName":"Mihir Vora","level":"info","message":"Logging in","timestamp":"2022-08-20 10:32:45"}
{"id":"6076ddf9305343214c6f90bc","action":"User Login","userName":"Dhruv Chhabra","level":"info","message":"Logging in","timestamp":"2022-08-28 10:25:44"}
{"id":"6076ddf9305343214c6f90bc","action":"User Login","userName":"Dhruv Chhabra","level":"info","message":"Logging in","timestamp":"2022-08-28 11:38:22"}
{"id":"6076ddf9305343214c6f90bc","action":"OPD Requested","userName":"Super","level":"info","message":"OPD Consultation Request to Kokilaben Dhirubhai Ambani Hospital for patient MMPL 10001589","timestamp":"2022-08-28 17:24:35"}
{"id":"6076ddf9305343214c6f90bc","action":"User Login","userName":"Dhruv Chhabra","level":"info","message":"Logging in","timestamp":"2022-09-11 10:57:09"}
{"id":"6076ddf9305343214c6f90bc","action":"User Login","userName":"Dhruv Chhabra","level":"info","message":"Logging in","timestamp":"2022-09-11 11:21:22"}
{"id":"6076ddf9305343214c6f90bc","action":"User Login","userName":"Dhruv Chhabra","level":"info","message":"Logging in","timestamp":"2022-09-17 10:32:36"}
{"id":"6076ddf9305343214c6f90bc","action":"User Login","userName":"Dhruv Chhabra","level":"info","message":"Logging in","timestamp":"2022-09-24 11:16:25"}
{"id":"6076ddf9305343214c6f90bc","action":"User Login","userName":"Dhruv Chhabra","level":"info","message":"Logging in","timestamp":"2022-09-24 20:41:10"}
{"id":"6076ddf9305343214c6f90bc","action":"User Login","userName":"Dhruv Chhabra","level":"info","message":"Logging in","timestamp":"2022-09-24 20:41:39"}
{"id":"6076ddf9305343214c6f90bc","action":"User Login","userName":"Dhruv Chhabra","level":"info","message":"Logging in","timestamp":"2022-09-25 12:14:48"}
